{"/home/eilara/projects/haag59/effect-ts-laws/src/compose.ts": {"path":"/home/eilara/projects/haag59/effect-ts-laws/src/compose.ts","all":false,"statementMap":{"0":{"start":{"line":1,"column":0},"end":{"line":1,"column":8}},"8":{"start":{"line":9,"column":0},"end":{"line":9,"column":58}},"9":{"start":{"line":10,"column":0},"end":{"line":10,"column":59}},"10":{"start":{"line":11,"column":0},"end":{"line":11,"column":50}},"11":{"start":{"line":12,"column":0},"end":{"line":12,"column":8}},"15":{"start":{"line":16,"column":0},"end":{"line":16,"column":65}},"16":{"start":{"line":17,"column":0},"end":{"line":17,"column":42}},"24":{"start":{"line":25,"column":0},"end":{"line":25,"column":26}},"31":{"start":{"line":32,"column":0},"end":{"line":32,"column":14}},"32":{"start":{"line":33,"column":0},"end":{"line":33,"column":14}},"33":{"start":{"line":34,"column":0},"end":{"line":34,"column":48}},"34":{"start":{"line":35,"column":0},"end":{"line":35,"column":75}},"35":{"start":{"line":36,"column":0},"end":{"line":36,"column":2}},"42":{"start":{"line":43,"column":0},"end":{"line":43,"column":33}},"49":{"start":{"line":50,"column":0},"end":{"line":50,"column":21}},"50":{"start":{"line":51,"column":0},"end":{"line":51,"column":21}},"51":{"start":{"line":52,"column":0},"end":{"line":52,"column":55}},"52":{"start":{"line":53,"column":0},"end":{"line":53,"column":39}},"53":{"start":{"line":54,"column":0},"end":{"line":54,"column":2}},"60":{"start":{"line":61,"column":0},"end":{"line":61,"column":33}},"67":{"start":{"line":68,"column":0},"end":{"line":68,"column":21}},"68":{"start":{"line":69,"column":0},"end":{"line":69,"column":21}},"69":{"start":{"line":70,"column":0},"end":{"line":70,"column":55}},"70":{"start":{"line":71,"column":0},"end":{"line":71,"column":28}},"71":{"start":{"line":72,"column":0},"end":{"line":72,"column":37}},"72":{"start":{"line":73,"column":0},"end":{"line":73,"column":2}},"79":{"start":{"line":80,"column":0},"end":{"line":80,"column":35}},"86":{"start":{"line":87,"column":0},"end":{"line":87,"column":23}},"87":{"start":{"line":88,"column":0},"end":{"line":88,"column":23}},"88":{"start":{"line":89,"column":0},"end":{"line":89,"column":57}},"89":{"start":{"line":90,"column":0},"end":{"line":90,"column":28}},"90":{"start":{"line":91,"column":0},"end":{"line":91,"column":21}},"91":{"start":{"line":92,"column":0},"end":{"line":92,"column":36}},"92":{"start":{"line":93,"column":0},"end":{"line":93,"column":44}},"93":{"start":{"line":94,"column":0},"end":{"line":94,"column":80}},"94":{"start":{"line":95,"column":0},"end":{"line":95,"column":2}},"101":{"start":{"line":102,"column":0},"end":{"line":102,"column":35}},"108":{"start":{"line":109,"column":0},"end":{"line":109,"column":23}},"109":{"start":{"line":110,"column":0},"end":{"line":110,"column":23}},"110":{"start":{"line":111,"column":0},"end":{"line":111,"column":57}},"111":{"start":{"line":112,"column":0},"end":{"line":112,"column":59}},"112":{"start":{"line":113,"column":0},"end":{"line":113,"column":42}},"113":{"start":{"line":114,"column":0},"end":{"line":114,"column":2}},"120":{"start":{"line":121,"column":0},"end":{"line":121,"column":32}},"127":{"start":{"line":128,"column":0},"end":{"line":128,"column":20}},"128":{"start":{"line":129,"column":0},"end":{"line":129,"column":20}},"129":{"start":{"line":130,"column":0},"end":{"line":130,"column":45}},"130":{"start":{"line":131,"column":0},"end":{"line":131,"column":15}},"131":{"start":{"line":132,"column":0},"end":{"line":132,"column":6}},"132":{"start":{"line":133,"column":0},"end":{"line":133,"column":11}},"133":{"start":{"line":134,"column":0},"end":{"line":134,"column":50}},"134":{"start":{"line":135,"column":0},"end":{"line":135,"column":11}},"135":{"start":{"line":136,"column":0},"end":{"line":136,"column":27}},"136":{"start":{"line":137,"column":0},"end":{"line":137,"column":51}},"137":{"start":{"line":138,"column":0},"end":{"line":138,"column":4}},"138":{"start":{"line":139,"column":0},"end":{"line":139,"column":2}},"185":{"start":{"line":186,"column":0},"end":{"line":186,"column":27}},"186":{"start":{"line":187,"column":0},"end":{"line":187,"column":16}},"187":{"start":{"line":188,"column":0},"end":{"line":188,"column":30}},"188":{"start":{"line":189,"column":0},"end":{"line":189,"column":30}},"189":{"start":{"line":190,"column":0},"end":{"line":190,"column":34}},"190":{"start":{"line":191,"column":0},"end":{"line":191,"column":28}},"191":{"start":{"line":192,"column":0},"end":{"line":192,"column":34}},"192":{"start":{"line":193,"column":0},"end":{"line":193,"column":1}}},"s":{"0":1,"8":1,"9":1,"10":1,"11":1,"15":1,"16":1,"24":1,"31":22,"32":22,"33":22,"34":22,"35":22,"42":1,"49":99,"50":99,"51":99,"52":99,"53":99,"60":1,"67":57,"68":57,"69":57,"70":57,"71":57,"72":57,"79":1,"86":22,"87":22,"88":22,"89":22,"90":22,"91":22,"92":22,"93":22,"94":22,"101":1,"108":8,"109":8,"110":8,"111":8,"112":32,"113":8,"120":1,"127":7,"128":7,"129":7,"130":7,"131":7,"132":7,"133":5600,"134":5600,"135":5600,"136":5600,"137":7,"138":7,"185":1,"186":1,"187":1,"188":1,"189":1,"190":1,"191":1,"192":1},"branchMap":{"0":{"type":"branch","line":25,"loc":{"start":{"line":25,"column":25},"end":{"line":36,"column":2}},"locations":[{"start":{"line":25,"column":25},"end":{"line":36,"column":2}}]},"1":{"type":"branch","line":43,"loc":{"start":{"line":43,"column":32},"end":{"line":54,"column":2}},"locations":[{"start":{"line":43,"column":32},"end":{"line":54,"column":2}}]},"2":{"type":"branch","line":61,"loc":{"start":{"line":61,"column":32},"end":{"line":73,"column":2}},"locations":[{"start":{"line":61,"column":32},"end":{"line":73,"column":2}}]},"3":{"type":"branch","line":80,"loc":{"start":{"line":80,"column":34},"end":{"line":95,"column":2}},"locations":[{"start":{"line":80,"column":34},"end":{"line":95,"column":2}}]},"4":{"type":"branch","line":94,"loc":{"start":{"line":94,"column":14},"end":{"line":94,"column":80}},"locations":[{"start":{"line":94,"column":14},"end":{"line":94,"column":80}}]},"5":{"type":"branch","line":102,"loc":{"start":{"line":102,"column":34},"end":{"line":114,"column":2}},"locations":[{"start":{"line":102,"column":34},"end":{"line":114,"column":2}}]},"6":{"type":"branch","line":112,"loc":{"start":{"line":112,"column":12},"end":{"line":113,"column":42}},"locations":[{"start":{"line":112,"column":12},"end":{"line":113,"column":42}}]},"7":{"type":"branch","line":121,"loc":{"start":{"line":121,"column":31},"end":{"line":139,"column":2}},"locations":[{"start":{"line":121,"column":31},"end":{"line":139,"column":2}}]},"8":{"type":"branch","line":133,"loc":{"start":{"line":133,"column":4},"end":{"line":137,"column":51}},"locations":[{"start":{"line":133,"column":4},"end":{"line":137,"column":51}}]}},"b":{"0":[22],"1":[99],"2":[57],"3":[22],"4":[299],"5":[8],"6":[32],"7":[7],"8":[5600]},"fnMap":{"0":{"name":"composeOf","decl":{"start":{"line":25,"column":25},"end":{"line":36,"column":2}},"loc":{"start":{"line":25,"column":25},"end":{"line":36,"column":2}},"line":25},"1":{"name":"composeInvariant","decl":{"start":{"line":43,"column":32},"end":{"line":54,"column":2}},"loc":{"start":{"line":43,"column":32},"end":{"line":54,"column":2}},"line":43},"2":{"name":"composeCovariant","decl":{"start":{"line":61,"column":32},"end":{"line":73,"column":2}},"loc":{"start":{"line":61,"column":32},"end":{"line":73,"column":2}},"line":61},"3":{"name":"composeApplicative","decl":{"start":{"line":80,"column":34},"end":{"line":95,"column":2}},"loc":{"start":{"line":80,"column":34},"end":{"line":95,"column":2}},"line":80},"4":{"name":"productAll","decl":{"start":{"line":94,"column":14},"end":{"line":94,"column":80}},"loc":{"start":{"line":94,"column":14},"end":{"line":94,"column":80}},"line":94},"5":{"name":"composeTraversable","decl":{"start":{"line":102,"column":34},"end":{"line":114,"column":2}},"loc":{"start":{"line":102,"column":34},"end":{"line":114,"column":2}},"line":102},"6":{"name":"traverse","decl":{"start":{"line":112,"column":12},"end":{"line":113,"column":42}},"loc":{"start":{"line":112,"column":12},"end":{"line":113,"column":42}},"line":112},"7":{"name":"composeFoldable","decl":{"start":{"line":121,"column":31},"end":{"line":139,"column":2}},"loc":{"start":{"line":121,"column":31},"end":{"line":139,"column":2}},"line":121}},"f":{"0":22,"1":99,"2":57,"3":22,"4":299,"5":8,"6":32,"7":7}}
,"/home/eilara/projects/haag59/effect-ts-laws/src/util.ts": {"path":"/home/eilara/projects/haag59/effect-ts-laws/src/util.ts","all":false,"statementMap":{"2":{"start":{"line":3,"column":0},"end":{"line":3,"column":25}},"3":{"start":{"line":4,"column":0},"end":{"line":4,"column":18}},"4":{"start":{"line":5,"column":0},"end":{"line":5,"column":73}},"5":{"start":{"line":6,"column":0},"end":{"line":6,"column":46}},"6":{"start":{"line":7,"column":0},"end":{"line":7,"column":29}},"7":{"start":{"line":8,"column":0},"end":{"line":8,"column":39}},"8":{"start":{"line":9,"column":0},"end":{"line":9,"column":5}},"9":{"start":{"line":10,"column":0},"end":{"line":10,"column":17}},"10":{"start":{"line":11,"column":0},"end":{"line":11,"column":3}}},"s":{"2":1,"3":1,"4":120,"5":120,"6":120,"7":360,"8":360,"9":120,"10":120},"branchMap":{"0":{"type":"branch","line":4,"loc":{"start":{"line":4,"column":2},"end":{"line":11,"column":3}},"locations":[{"start":{"line":4,"column":2},"end":{"line":11,"column":3}}]},"1":{"type":"branch","line":5,"loc":{"start":{"line":5,"column":2},"end":{"line":11,"column":3}},"locations":[{"start":{"line":5,"column":2},"end":{"line":11,"column":3}}]},"2":{"type":"branch","line":7,"loc":{"start":{"line":7,"column":28},"end":{"line":9,"column":5}},"locations":[{"start":{"line":7,"column":28},"end":{"line":9,"column":5}}]}},"b":{"0":[120],"1":[120],"2":[360]},"fnMap":{"0":{"name":"monoRecord","decl":{"start":{"line":4,"column":2},"end":{"line":11,"column":3}},"loc":{"start":{"line":4,"column":2},"end":{"line":11,"column":3}},"line":4}},"f":{"0":120}}
,"/home/eilara/projects/haag59/effect-ts-laws/src/arbitrary/data.ts": {"path":"/home/eilara/projects/haag59/effect-ts-laws/src/arbitrary/data.ts","all":false,"statementMap":{"4":{"start":{"line":5,"column":0},"end":{"line":5,"column":8}},"14":{"start":{"line":15,"column":0},"end":{"line":15,"column":27}},"15":{"start":{"line":16,"column":0},"end":{"line":16,"column":54}},"17":{"start":{"line":18,"column":0},"end":{"line":18,"column":37}},"24":{"start":{"line":25,"column":0},"end":{"line":25,"column":29}},"25":{"start":{"line":26,"column":0},"end":{"line":26,"column":24}},"26":{"start":{"line":27,"column":0},"end":{"line":27,"column":25}},"28":{"start":{"line":29,"column":0},"end":{"line":29,"column":11}},"29":{"start":{"line":30,"column":0},"end":{"line":30,"column":41}},"30":{"start":{"line":31,"column":0},"end":{"line":31,"column":39}},"31":{"start":{"line":32,"column":0},"end":{"line":32,"column":3}},"37":{"start":{"line":38,"column":0},"end":{"line":38,"column":76}},"38":{"start":{"line":39,"column":0},"end":{"line":39,"column":60}},"45":{"start":{"line":46,"column":0},"end":{"line":46,"column":61}},"46":{"start":{"line":47,"column":0},"end":{"line":47,"column":12}},"47":{"start":{"line":48,"column":0},"end":{"line":48,"column":11}},"48":{"start":{"line":49,"column":0},"end":{"line":49,"column":2}},"55":{"start":{"line":56,"column":0},"end":{"line":56,"column":65}},"56":{"start":{"line":57,"column":0},"end":{"line":57,"column":9}},"57":{"start":{"line":58,"column":0},"end":{"line":58,"column":11}},"58":{"start":{"line":59,"column":0},"end":{"line":59,"column":2}},"63":{"start":{"line":64,"column":0},"end":{"line":64,"column":59}},"64":{"start":{"line":65,"column":0},"end":{"line":65,"column":15}},"65":{"start":{"line":66,"column":0},"end":{"line":66,"column":15}},"66":{"start":{"line":67,"column":0},"end":{"line":67,"column":2}},"72":{"start":{"line":73,"column":0},"end":{"line":73,"column":62}},"73":{"start":{"line":74,"column":0},"end":{"line":74,"column":9}},"74":{"start":{"line":75,"column":0},"end":{"line":75,"column":11}},"75":{"start":{"line":76,"column":0},"end":{"line":76,"column":2}},"81":{"start":{"line":82,"column":0},"end":{"line":82,"column":70}},"82":{"start":{"line":83,"column":0},"end":{"line":83,"column":29}},"88":{"start":{"line":89,"column":0},"end":{"line":89,"column":64}},"89":{"start":{"line":90,"column":0},"end":{"line":90,"column":24}},"97":{"start":{"line":98,"column":0},"end":{"line":98,"column":76}},"98":{"start":{"line":99,"column":0},"end":{"line":99,"column":24}},"107":{"start":{"line":108,"column":0},"end":{"line":108,"column":61}},"108":{"start":{"line":109,"column":0},"end":{"line":109,"column":7}},"109":{"start":{"line":110,"column":0},"end":{"line":110,"column":18}},"110":{"start":{"line":111,"column":0},"end":{"line":111,"column":12}},"111":{"start":{"line":112,"column":0},"end":{"line":112,"column":11}},"112":{"start":{"line":113,"column":0},"end":{"line":113,"column":45}},"113":{"start":{"line":114,"column":0},"end":{"line":114,"column":27}},"114":{"start":{"line":115,"column":0},"end":{"line":115,"column":18}},"115":{"start":{"line":116,"column":0},"end":{"line":116,"column":8}},"116":{"start":{"line":117,"column":0},"end":{"line":117,"column":6}},"117":{"start":{"line":118,"column":0},"end":{"line":118,"column":38}},"119":{"start":{"line":120,"column":0},"end":{"line":120,"column":37}},"120":{"start":{"line":121,"column":0},"end":{"line":121,"column":13}},"121":{"start":{"line":122,"column":0},"end":{"line":122,"column":17}},"122":{"start":{"line":123,"column":0},"end":{"line":123,"column":17}},"123":{"start":{"line":124,"column":0},"end":{"line":124,"column":5}},"124":{"start":{"line":125,"column":0},"end":{"line":125,"column":3}},"125":{"start":{"line":126,"column":0},"end":{"line":126,"column":17}},"126":{"start":{"line":127,"column":0},"end":{"line":127,"column":17}},"127":{"start":{"line":128,"column":0},"end":{"line":128,"column":32}},"128":{"start":{"line":129,"column":0},"end":{"line":129,"column":4}},"129":{"start":{"line":130,"column":0},"end":{"line":130,"column":1}},"136":{"start":{"line":137,"column":0},"end":{"line":137,"column":72}},"137":{"start":{"line":138,"column":0},"end":{"line":138,"column":35}},"143":{"start":{"line":144,"column":0},"end":{"line":144,"column":25}},"144":{"start":{"line":145,"column":0},"end":{"line":145,"column":21}},"145":{"start":{"line":146,"column":0},"end":{"line":146,"column":46}},"146":{"start":{"line":147,"column":0},"end":{"line":147,"column":33}},"147":{"start":{"line":148,"column":0},"end":{"line":148,"column":52}},"148":{"start":{"line":149,"column":0},"end":{"line":149,"column":20}},"152":{"start":{"line":153,"column":0},"end":{"line":153,"column":14}},"153":{"start":{"line":154,"column":0},"end":{"line":154,"column":20}},"154":{"start":{"line":155,"column":0},"end":{"line":155,"column":37}},"155":{"start":{"line":156,"column":0},"end":{"line":156,"column":20}},"156":{"start":{"line":157,"column":0},"end":{"line":157,"column":22}},"157":{"start":{"line":158,"column":0},"end":{"line":158,"column":6}},"158":{"start":{"line":159,"column":0},"end":{"line":159,"column":18}},"159":{"start":{"line":160,"column":0},"end":{"line":160,"column":15}},"160":{"start":{"line":161,"column":0},"end":{"line":161,"column":17}},"161":{"start":{"line":162,"column":0},"end":{"line":162,"column":45}},"162":{"start":{"line":163,"column":0},"end":{"line":163,"column":43}},"163":{"start":{"line":164,"column":0},"end":{"line":164,"column":10}},"164":{"start":{"line":165,"column":0},"end":{"line":165,"column":45}},"165":{"start":{"line":166,"column":0},"end":{"line":166,"column":8}},"166":{"start":{"line":167,"column":0},"end":{"line":167,"column":38}},"167":{"start":{"line":168,"column":0},"end":{"line":168,"column":6}},"168":{"start":{"line":169,"column":0},"end":{"line":169,"column":21}},"169":{"start":{"line":170,"column":0},"end":{"line":170,"column":28}},"170":{"start":{"line":171,"column":0},"end":{"line":171,"column":26}},"171":{"start":{"line":172,"column":0},"end":{"line":172,"column":22}},"172":{"start":{"line":173,"column":0},"end":{"line":173,"column":6}},"173":{"start":{"line":174,"column":0},"end":{"line":174,"column":11}},"174":{"start":{"line":175,"column":0},"end":{"line":175,"column":1}}},"s":{"4":1,"14":1,"15":1,"17":1,"24":1,"25":143,"26":143,"28":143,"29":143,"30":143,"31":143,"37":1,"38":1306,"45":1,"46":1,"47":1,"48":1,"55":1,"56":1,"57":1,"58":1,"63":1,"64":1,"65":1,"66":1,"72":1,"73":1,"74":1,"75":1,"81":1,"82":409,"88":1,"89":1,"97":1,"98":1,"107":1,"108":73,"109":73,"110":73,"111":73,"112":73,"113":73,"114":73,"115":73,"116":73,"117":73,"119":1,"120":1,"121":1,"122":1,"123":1,"124":1,"125":1,"126":1,"127":1,"128":1,"129":1,"136":1,"137":46,"143":1,"144":30,"145":30,"146":30,"147":30,"148":30,"152":30,"153":30,"154":30,"155":30,"156":30,"157":30,"158":30,"159":30,"160":30,"161":30,"162":30,"163":30,"164":30,"165":30,"166":30,"167":30,"168":30,"169":30,"170":30,"171":30,"172":30,"173":30,"174":30},"branchMap":{"0":{"type":"branch","line":25,"loc":{"start":{"line":25,"column":22},"end":{"line":32,"column":3}},"locations":[{"start":{"line":25,"column":22},"end":{"line":32,"column":3}}]},"1":{"type":"branch","line":38,"loc":{"start":{"line":38,"column":22},"end":{"line":39,"column":60}},"locations":[{"start":{"line":38,"column":22},"end":{"line":39,"column":60}}]},"2":{"type":"branch","line":82,"loc":{"start":{"line":82,"column":25},"end":{"line":83,"column":29}},"locations":[{"start":{"line":82,"column":25},"end":{"line":83,"column":29}}]},"3":{"type":"branch","line":108,"loc":{"start":{"line":108,"column":31},"end":{"line":118,"column":38}},"locations":[{"start":{"line":108,"column":31},"end":{"line":118,"column":38}}]},"4":{"type":"branch","line":113,"loc":{"start":{"line":113,"column":15},"end":{"line":113,"column":43}},"locations":[{"start":{"line":113,"column":15},"end":{"line":113,"column":43}}]},"5":{"type":"branch","line":137,"loc":{"start":{"line":137,"column":20},"end":{"line":138,"column":35}},"locations":[{"start":{"line":137,"column":20},"end":{"line":138,"column":35}}]},"6":{"type":"branch","line":144,"loc":{"start":{"line":144,"column":21},"end":{"line":175,"column":1}},"locations":[{"start":{"line":144,"column":21},"end":{"line":175,"column":1}}]},"7":{"type":"branch","line":153,"loc":{"start":{"line":153,"column":5},"end":{"line":174,"column":4}},"locations":[{"start":{"line":153,"column":5},"end":{"line":174,"column":4}}]},"8":{"type":"branch","line":167,"loc":{"start":{"line":167,"column":6},"end":{"line":167,"column":38}},"locations":[{"start":{"line":167,"column":6},"end":{"line":167,"column":38}}]}},"b":{"0":[143],"1":[1306],"2":[409],"3":[73],"4":[9144],"5":[46],"6":[30],"7":[30],"8":[3472]},"fnMap":{"0":{"name":"either","decl":{"start":{"line":25,"column":22},"end":{"line":32,"column":3}},"loc":{"start":{"line":25,"column":22},"end":{"line":32,"column":3}},"line":25},"1":{"name":"option","decl":{"start":{"line":38,"column":22},"end":{"line":39,"column":60}},"loc":{"start":{"line":38,"column":22},"end":{"line":39,"column":60}},"line":38},"2":{"name":"tinyArray","decl":{"start":{"line":82,"column":25},"end":{"line":83,"column":29}},"loc":{"start":{"line":82,"column":25},"end":{"line":83,"column":29}},"line":82},"3":{"name":"stringKeyRecord","decl":{"start":{"line":108,"column":31},"end":{"line":118,"column":38}},"loc":{"start":{"line":108,"column":31},"end":{"line":118,"column":38}},"line":108},"4":{"name":"list","decl":{"start":{"line":137,"column":20},"end":{"line":138,"column":35}},"loc":{"start":{"line":137,"column":20},"end":{"line":138,"column":35}},"line":137},"5":{"name":"cause","decl":{"start":{"line":144,"column":21},"end":{"line":175,"column":1}},"loc":{"start":{"line":144,"column":21},"end":{"line":175,"column":1}},"line":144}},"f":{"0":143,"1":1306,"2":409,"3":73,"4":46,"5":30}}
,"/home/eilara/projects/haag59/effect-ts-laws/src/arbitrary/effect.ts": {"path":"/home/eilara/projects/haag59/effect-ts-laws/src/arbitrary/effect.ts","all":false,"statementMap":{"4":{"start":{"line":5,"column":0},"end":{"line":5,"column":27}},"5":{"start":{"line":6,"column":0},"end":{"line":6,"column":35}},"6":{"start":{"line":7,"column":0},"end":{"line":7,"column":27}},"7":{"start":{"line":8,"column":0},"end":{"line":8,"column":54}},"10":{"start":{"line":11,"column":0},"end":{"line":11,"column":28}},"16":{"start":{"line":17,"column":0},"end":{"line":17,"column":77}},"17":{"start":{"line":18,"column":0},"end":{"line":18,"column":26}},"23":{"start":{"line":24,"column":0},"end":{"line":24,"column":20}},"25":{"start":{"line":26,"column":0},"end":{"line":26,"column":76}},"32":{"start":{"line":33,"column":0},"end":{"line":33,"column":24}},"33":{"start":{"line":34,"column":0},"end":{"line":34,"column":21}},"34":{"start":{"line":35,"column":0},"end":{"line":35,"column":32}},"36":{"start":{"line":37,"column":0},"end":{"line":37,"column":4}},"37":{"start":{"line":38,"column":0},"end":{"line":38,"column":37}},"38":{"start":{"line":39,"column":0},"end":{"line":39,"column":63}}},"s":{"4":1,"5":1,"6":1,"7":1,"10":1,"16":1,"17":2,"23":1,"25":1,"32":1,"33":1,"34":1,"36":1,"37":1,"38":1},"branchMap":{"0":{"type":"branch","line":17,"loc":{"start":{"line":17,"column":73},"end":{"line":18,"column":26}},"locations":[{"start":{"line":17,"column":73},"end":{"line":18,"column":26}}]},"1":{"type":"branch","line":26,"loc":{"start":{"line":26,"column":49},"end":{"line":26,"column":75}},"locations":[{"start":{"line":26,"column":49},"end":{"line":26,"column":75}}]},"2":{"type":"branch","line":33,"loc":{"start":{"line":33,"column":20},"end":{"line":39,"column":63}},"locations":[{"start":{"line":33,"column":20},"end":{"line":39,"column":63}}]},"3":{"type":"branch","line":39,"loc":{"start":{"line":39,"column":9},"end":{"line":39,"column":62}},"locations":[{"start":{"line":39,"column":9},"end":{"line":39,"column":62}}]},"4":{"type":"branch","line":39,"loc":{"start":{"line":39,"column":28},"end":{"line":39,"column":61}},"locations":[{"start":{"line":39,"column":28},"end":{"line":39,"column":61}}]}},"b":{"0":[2],"1":[155],"2":[1],"3":[100],"4":[100]},"fnMap":{"0":{"name":"succeed","decl":{"start":{"line":17,"column":73},"end":{"line":18,"column":26}},"loc":{"start":{"line":17,"column":73},"end":{"line":18,"column":26}},"line":17},"1":{"name":"sync","decl":{"start":{"line":33,"column":20},"end":{"line":39,"column":63}},"loc":{"start":{"line":33,"column":20},"end":{"line":39,"column":63}},"line":33}},"f":{"0":2,"1":1}}
,"/home/eilara/projects/haag59/effect-ts-laws/src/arbitrary/equivalence.ts": {"path":"/home/eilara/projects/haag59/effect-ts-laws/src/arbitrary/equivalence.ts","all":false,"statementMap":{"4":{"start":{"line":5,"column":0},"end":{"line":5,"column":75}},"5":{"start":{"line":6,"column":0},"end":{"line":6,"column":53}},"6":{"start":{"line":7,"column":0},"end":{"line":7,"column":27}},"20":{"start":{"line":21,"column":0},"end":{"line":21,"column":33}},"21":{"start":{"line":22,"column":0},"end":{"line":22,"column":9}},"22":{"start":{"line":23,"column":0},"end":{"line":23,"column":23}},"23":{"start":{"line":24,"column":0},"end":{"line":24,"column":31}},"24":{"start":{"line":25,"column":0},"end":{"line":25,"column":34}},"26":{"start":{"line":27,"column":0},"end":{"line":27,"column":3}},"30":{"start":{"line":31,"column":0},"end":{"line":31,"column":22}},"34":{"start":{"line":35,"column":0},"end":{"line":35,"column":22}},"35":{"start":{"line":36,"column":0},"end":{"line":36,"column":22}},"36":{"start":{"line":37,"column":0},"end":{"line":37,"column":49}},"39":{"start":{"line":40,"column":0},"end":{"line":40,"column":78}},"40":{"start":{"line":41,"column":0},"end":{"line":41,"column":20}},"41":{"start":{"line":42,"column":0},"end":{"line":42,"column":3}},"55":{"start":{"line":56,"column":0},"end":{"line":56,"column":35}},"56":{"start":{"line":57,"column":0},"end":{"line":57,"column":9}},"57":{"start":{"line":58,"column":0},"end":{"line":58,"column":23}},"58":{"start":{"line":59,"column":0},"end":{"line":59,"column":31}},"59":{"start":{"line":60,"column":0},"end":{"line":60,"column":34}},"61":{"start":{"line":62,"column":0},"end":{"line":62,"column":3}},"65":{"start":{"line":66,"column":0},"end":{"line":66,"column":22}},"69":{"start":{"line":70,"column":0},"end":{"line":70,"column":22}},"71":{"start":{"line":72,"column":0},"end":{"line":72,"column":9}},"72":{"start":{"line":73,"column":0},"end":{"line":73,"column":61}},"73":{"start":{"line":74,"column":0},"end":{"line":74,"column":16}},"74":{"start":{"line":75,"column":0},"end":{"line":75,"column":26}},"75":{"start":{"line":76,"column":0},"end":{"line":76,"column":27}},"76":{"start":{"line":77,"column":0},"end":{"line":77,"column":9}},"77":{"start":{"line":78,"column":0},"end":{"line":78,"column":5}},"87":{"start":{"line":88,"column":0},"end":{"line":88,"column":34}},"88":{"start":{"line":89,"column":0},"end":{"line":89,"column":6}},"89":{"start":{"line":90,"column":0},"end":{"line":90,"column":23}},"90":{"start":{"line":91,"column":0},"end":{"line":91,"column":31}},"91":{"start":{"line":92,"column":0},"end":{"line":92,"column":34}},"93":{"start":{"line":94,"column":0},"end":{"line":94,"column":3}},"97":{"start":{"line":98,"column":0},"end":{"line":98,"column":22}},"101":{"start":{"line":102,"column":0},"end":{"line":102,"column":22}},"103":{"start":{"line":104,"column":0},"end":{"line":104,"column":60}},"112":{"start":{"line":113,"column":0},"end":{"line":113,"column":44}},"113":{"start":{"line":114,"column":0},"end":{"line":114,"column":21}},"114":{"start":{"line":115,"column":0},"end":{"line":115,"column":32}},"115":{"start":{"line":116,"column":0},"end":{"line":116,"column":56}}},"s":{"4":1,"5":1,"6":1,"20":1,"21":1,"22":3038,"23":3038,"24":3038,"26":3038,"30":3038,"34":3038,"35":3038,"36":3038,"39":3038,"40":3034,"41":3034,"55":1,"56":1,"57":2090,"58":2090,"59":2090,"61":2090,"65":3036,"69":3036,"71":3036,"72":3036,"73":3036,"74":3036,"75":3036,"76":3036,"77":3036,"87":1,"88":1,"89":1,"90":1,"91":1,"93":1,"97":400,"101":400,"103":400,"112":1,"113":90,"114":90,"115":90},"branchMap":{"0":{"type":"branch","line":22,"loc":{"start":{"line":22,"column":2},"end":{"line":42,"column":3}},"locations":[{"start":{"line":22,"column":2},"end":{"line":42,"column":3}}]},"1":{"type":"branch","line":27,"loc":{"start":{"line":27,"column":2},"end":{"line":42,"column":3}},"locations":[{"start":{"line":27,"column":2},"end":{"line":42,"column":3}}]},"2":{"type":"branch","line":39,"loc":{"start":{"line":39,"column":30},"end":{"line":39,"column":62}},"locations":[{"start":{"line":39,"column":30},"end":{"line":39,"column":62}}]},"3":{"type":"branch","line":40,"loc":{"start":{"line":40,"column":29},"end":{"line":40,"column":78}},"locations":[{"start":{"line":40,"column":29},"end":{"line":40,"column":78}}]},"4":{"type":"branch","line":40,"loc":{"start":{"line":40,"column":61},"end":{"line":40,"column":78}},"locations":[{"start":{"line":40,"column":61},"end":{"line":40,"column":78}}]},"5":{"type":"branch","line":40,"loc":{"start":{"line":40,"column":77},"end":{"line":42,"column":3}},"locations":[{"start":{"line":40,"column":77},"end":{"line":42,"column":3}}]},"6":{"type":"branch","line":57,"loc":{"start":{"line":57,"column":2},"end":{"line":78,"column":5}},"locations":[{"start":{"line":57,"column":2},"end":{"line":78,"column":5}}]},"7":{"type":"branch","line":62,"loc":{"start":{"line":62,"column":2},"end":{"line":78,"column":5}},"locations":[{"start":{"line":62,"column":2},"end":{"line":78,"column":5}}]},"8":{"type":"branch","line":89,"loc":{"start":{"line":89,"column":2},"end":{"line":104,"column":60}},"locations":[{"start":{"line":89,"column":2},"end":{"line":104,"column":60}}]},"9":{"type":"branch","line":94,"loc":{"start":{"line":94,"column":2},"end":{"line":104,"column":60}},"locations":[{"start":{"line":94,"column":2},"end":{"line":104,"column":60}}]},"10":{"type":"branch","line":113,"loc":{"start":{"line":113,"column":40},"end":{"line":116,"column":56}},"locations":[{"start":{"line":113,"column":40},"end":{"line":116,"column":56}}]}},"b":{"0":[3038],"1":[3038],"2":[1],"3":[303405],"4":[4],"5":[3034],"6":[2090],"7":[3036],"8":[1],"9":[400],"10":[90]},"fnMap":{"0":{"name":"findCounterexample","decl":{"start":{"line":22,"column":2},"end":{"line":42,"column":3}},"loc":{"start":{"line":22,"column":2},"end":{"line":42,"column":3}},"line":22},"1":{"name":"testUnaryEquivalence","decl":{"start":{"line":57,"column":2},"end":{"line":78,"column":5}},"loc":{"start":{"line":57,"column":2},"end":{"line":78,"column":5}},"line":57},"2":{"name":"testEndoEquivalence","decl":{"start":{"line":89,"column":2},"end":{"line":104,"column":60}},"loc":{"start":{"line":89,"column":2},"end":{"line":104,"column":60}},"line":89},"3":{"name":"testPredicateEquivalence","decl":{"start":{"line":113,"column":40},"end":{"line":116,"column":56}},"loc":{"start":{"line":113,"column":40},"end":{"line":116,"column":56}},"line":113}},"f":{"0":3038,"1":2090,"2":1,"3":90}}
,"/home/eilara/projects/haag59/effect-ts-laws/src/arbitrary/function.ts": {"path":"/home/eilara/projects/haag59/effect-ts-laws/src/arbitrary/function.ts","all":false,"statementMap":{"4":{"start":{"line":5,"column":0},"end":{"line":5,"column":44}},"6":{"start":{"line":7,"column":0},"end":{"line":7,"column":27}},"10":{"start":{"line":11,"column":0},"end":{"line":11,"column":14}},"11":{"start":{"line":12,"column":0},"end":{"line":12,"column":27}},"12":{"start":{"line":13,"column":0},"end":{"line":13,"column":14}},"13":{"start":{"line":14,"column":0},"end":{"line":14,"column":8}},"22":{"start":{"line":23,"column":0},"end":{"line":23,"column":33}},"24":{"start":{"line":25,"column":0},"end":{"line":25,"column":66}},"30":{"start":{"line":31,"column":0},"end":{"line":31,"column":73}},"31":{"start":{"line":32,"column":0},"end":{"line":32,"column":24}},"38":{"start":{"line":39,"column":0},"end":{"line":39,"column":21}},"39":{"start":{"line":40,"column":0},"end":{"line":40,"column":13}},"40":{"start":{"line":41,"column":0},"end":{"line":41,"column":61}},"41":{"start":{"line":42,"column":0},"end":{"line":42,"column":48}},"50":{"start":{"line":51,"column":0},"end":{"line":51,"column":26}},"51":{"start":{"line":52,"column":0},"end":{"line":52,"column":10}},"52":{"start":{"line":53,"column":0},"end":{"line":53,"column":34}},"53":{"start":{"line":54,"column":0},"end":{"line":54,"column":44}},"55":{"start":{"line":56,"column":0},"end":{"line":56,"column":6}},"56":{"start":{"line":57,"column":0},"end":{"line":57,"column":46}},"64":{"start":{"line":65,"column":0},"end":{"line":65,"column":28}},"65":{"start":{"line":66,"column":0},"end":{"line":66,"column":73}},"68":{"start":{"line":69,"column":0},"end":{"line":69,"column":6}},"69":{"start":{"line":70,"column":0},"end":{"line":70,"column":26}},"77":{"start":{"line":78,"column":0},"end":{"line":78,"column":26}},"78":{"start":{"line":79,"column":0},"end":{"line":79,"column":10}},"79":{"start":{"line":80,"column":0},"end":{"line":80,"column":62}},"80":{"start":{"line":81,"column":0},"end":{"line":81,"column":41}},"82":{"start":{"line":83,"column":0},"end":{"line":83,"column":6}},"83":{"start":{"line":84,"column":0},"end":{"line":84,"column":25}},"89":{"start":{"line":90,"column":0},"end":{"line":90,"column":64}},"90":{"start":{"line":91,"column":0},"end":{"line":91,"column":26}}},"s":{"4":1,"6":1,"10":1,"11":1,"12":50373,"13":820791,"22":1,"24":1,"30":1,"31":1,"38":1,"39":1,"40":231,"41":231,"50":1,"51":1,"52":494,"53":494,"55":494,"56":494,"64":1,"65":1,"68":1,"69":1,"77":1,"78":1,"79":1,"80":1,"82":1,"83":1,"89":1,"90":131},"branchMap":{"0":{"type":"branch","line":12,"loc":{"start":{"line":12,"column":2},"end":{"line":14,"column":8}},"locations":[{"start":{"line":12,"column":2},"end":{"line":14,"column":8}}]},"1":{"type":"branch","line":13,"loc":{"start":{"line":13,"column":2},"end":{"line":14,"column":8}},"locations":[{"start":{"line":13,"column":2},"end":{"line":14,"column":8}}]},"2":{"type":"branch","line":25,"loc":{"start":{"line":25,"column":33},"end":{"line":25,"column":66}},"locations":[{"start":{"line":25,"column":33},"end":{"line":25,"column":66}}]},"3":{"type":"branch","line":25,"loc":{"start":{"line":25,"column":39},"end":{"line":25,"column":66}},"locations":[{"start":{"line":25,"column":39},"end":{"line":25,"column":66}}]},"4":{"type":"branch","line":31,"loc":{"start":{"line":31,"column":20},"end":{"line":32,"column":24}},"locations":[{"start":{"line":31,"column":20},"end":{"line":32,"column":24}}]},"5":{"type":"branch","line":40,"loc":{"start":{"line":40,"column":2},"end":{"line":42,"column":48}},"locations":[{"start":{"line":40,"column":2},"end":{"line":42,"column":48}}]},"6":{"type":"branch","line":41,"loc":{"start":{"line":41,"column":2},"end":{"line":42,"column":48}},"locations":[{"start":{"line":41,"column":2},"end":{"line":42,"column":48}}]},"7":{"type":"branch","line":42,"loc":{"start":{"line":42,"column":19},"end":{"line":42,"column":47}},"locations":[{"start":{"line":42,"column":19},"end":{"line":42,"column":47}}]},"8":{"type":"branch","line":42,"loc":{"start":{"line":42,"column":24},"end":{"line":42,"column":47}},"locations":[{"start":{"line":42,"column":24},"end":{"line":42,"column":47}}]},"9":{"type":"branch","line":52,"loc":{"start":{"line":52,"column":2},"end":{"line":57,"column":46}},"locations":[{"start":{"line":52,"column":2},"end":{"line":57,"column":46}}]},"10":{"type":"branch","line":53,"loc":{"start":{"line":53,"column":2},"end":{"line":57,"column":46}},"locations":[{"start":{"line":53,"column":2},"end":{"line":57,"column":46}}]},"11":{"type":"branch","line":56,"loc":{"start":{"line":56,"column":2},"end":{"line":57,"column":46}},"locations":[{"start":{"line":56,"column":2},"end":{"line":57,"column":46}}]},"12":{"type":"branch","line":66,"loc":{"start":{"line":66,"column":2},"end":{"line":70,"column":26}},"locations":[{"start":{"line":66,"column":2},"end":{"line":70,"column":26}}]},"13":{"type":"branch","line":69,"loc":{"start":{"line":69,"column":2},"end":{"line":70,"column":26}},"locations":[{"start":{"line":69,"column":2},"end":{"line":70,"column":26}}]},"14":{"type":"branch","line":79,"loc":{"start":{"line":79,"column":2},"end":{"line":84,"column":25}},"locations":[{"start":{"line":79,"column":2},"end":{"line":84,"column":25}}]},"15":{"type":"branch","line":80,"loc":{"start":{"line":80,"column":2},"end":{"line":84,"column":25}},"locations":[{"start":{"line":80,"column":2},"end":{"line":84,"column":25}}]},"16":{"type":"branch","line":83,"loc":{"start":{"line":83,"column":2},"end":{"line":84,"column":25}},"locations":[{"start":{"line":83,"column":2},"end":{"line":84,"column":25}}]},"17":{"type":"branch","line":90,"loc":{"start":{"line":90,"column":25},"end":{"line":91,"column":26}},"locations":[{"start":{"line":90,"column":25},"end":{"line":91,"column":26}}]}},"b":{"0":[50373],"1":[820791],"2":[1765],"3":[1765],"4":[1],"5":[231],"6":[231],"7":[2800],"8":[5752],"9":[494],"10":[494],"11":[494],"12":[1],"13":[1],"14":[1],"15":[1],"16":[1],"17":[131]},"fnMap":{"0":{"name":"applyF","decl":{"start":{"line":12,"column":2},"end":{"line":14,"column":8}},"loc":{"start":{"line":12,"column":2},"end":{"line":14,"column":8}},"line":12},"1":{"name":"unary","decl":{"start":{"line":25,"column":33},"end":{"line":25,"column":66}},"loc":{"start":{"line":25,"column":33},"end":{"line":25,"column":66}},"line":25},"2":{"name":"endo","decl":{"start":{"line":31,"column":20},"end":{"line":32,"column":24}},"loc":{"start":{"line":31,"column":20},"end":{"line":32,"column":24}},"line":31},"3":{"name":"binary","decl":{"start":{"line":40,"column":2},"end":{"line":42,"column":48}},"loc":{"start":{"line":40,"column":2},"end":{"line":42,"column":48}},"line":40},"4":{"name":"unaryToKind","decl":{"start":{"line":52,"column":2},"end":{"line":57,"column":46}},"loc":{"start":{"line":52,"column":2},"end":{"line":57,"column":46}},"line":52},"5":{"name":"unaryFromKind","decl":{"start":{"line":66,"column":2},"end":{"line":70,"column":26}},"loc":{"start":{"line":66,"column":2},"end":{"line":70,"column":26}},"line":66},"6":{"name":"unaryInKind","decl":{"start":{"line":79,"column":2},"end":{"line":84,"column":25}},"loc":{"start":{"line":79,"column":2},"end":{"line":84,"column":25}},"line":79},"7":{"name":"predicate","decl":{"start":{"line":90,"column":25},"end":{"line":91,"column":26}},"loc":{"start":{"line":90,"column":25},"end":{"line":91,"column":26}},"line":90}},"f":{"0":50373,"1":1765,"2":1,"3":231,"4":494,"5":1,"6":1,"7":131}}
,"/home/eilara/projects/haag59/effect-ts-laws/src/arbitrary/instances.ts": {"path":"/home/eilara/projects/haag59/effect-ts-laws/src/arbitrary/instances.ts","all":false,"statementMap":{"4":{"start":{"line":5,"column":0},"end":{"line":5,"column":77}},"6":{"start":{"line":7,"column":0},"end":{"line":7,"column":36}},"8":{"start":{"line":9,"column":0},"end":{"line":9,"column":27}},"9":{"start":{"line":10,"column":0},"end":{"line":10,"column":53}},"19":{"start":{"line":20,"column":0},"end":{"line":20,"column":59}},"20":{"start":{"line":21,"column":0},"end":{"line":21,"column":4}},"21":{"start":{"line":22,"column":0},"end":{"line":22,"column":67}},"22":{"start":{"line":23,"column":0},"end":{"line":23,"column":24}},"23":{"start":{"line":24,"column":0},"end":{"line":24,"column":1}},"25":{"start":{"line":26,"column":0},"end":{"line":26,"column":65}},"26":{"start":{"line":27,"column":0},"end":{"line":27,"column":4}},"28":{"start":{"line":29,"column":0},"end":{"line":29,"column":9}},"29":{"start":{"line":30,"column":0},"end":{"line":30,"column":26}},"30":{"start":{"line":31,"column":0},"end":{"line":31,"column":33}},"31":{"start":{"line":32,"column":0},"end":{"line":32,"column":46}},"32":{"start":{"line":33,"column":0},"end":{"line":33,"column":1}},"38":{"start":{"line":39,"column":0},"end":{"line":39,"column":53}},"39":{"start":{"line":40,"column":0},"end":{"line":40,"column":6}},"40":{"start":{"line":41,"column":0},"end":{"line":41,"column":42}},"41":{"start":{"line":42,"column":0},"end":{"line":42,"column":10}},"42":{"start":{"line":43,"column":0},"end":{"line":43,"column":18}},"43":{"start":{"line":44,"column":0},"end":{"line":44,"column":1}},"52":{"start":{"line":53,"column":0},"end":{"line":53,"column":34}},"53":{"start":{"line":54,"column":0},"end":{"line":54,"column":29}},"54":{"start":{"line":55,"column":0},"end":{"line":55,"column":37}},"55":{"start":{"line":56,"column":0},"end":{"line":56,"column":39}},"56":{"start":{"line":57,"column":0},"end":{"line":57,"column":16}},"57":{"start":{"line":58,"column":0},"end":{"line":58,"column":35}},"58":{"start":{"line":59,"column":0},"end":{"line":59,"column":26}},"59":{"start":{"line":60,"column":0},"end":{"line":60,"column":63}},"62":{"start":{"line":63,"column":0},"end":{"line":63,"column":19}},"63":{"start":{"line":64,"column":0},"end":{"line":64,"column":5}},"65":{"start":{"line":66,"column":0},"end":{"line":66,"column":24}},"66":{"start":{"line":67,"column":0},"end":{"line":67,"column":25}},"67":{"start":{"line":68,"column":0},"end":{"line":68,"column":19}},"68":{"start":{"line":69,"column":0},"end":{"line":69,"column":14}},"69":{"start":{"line":70,"column":0},"end":{"line":70,"column":17}},"70":{"start":{"line":71,"column":0},"end":{"line":71,"column":33}},"71":{"start":{"line":72,"column":0},"end":{"line":72,"column":1}}},"s":{"4":1,"6":1,"8":1,"9":1,"19":1,"20":1,"21":1,"22":2853,"23":1,"25":1,"26":1,"28":1,"29":10719,"30":10719,"31":10719,"32":1,"38":1,"39":1,"40":1,"41":1,"42":1,"43":1,"52":1,"53":21,"54":21,"55":21,"56":21,"57":21,"58":3198,"59":319602,"62":319602,"63":319602,"65":21,"66":1599,"67":1599,"68":1599,"69":1599,"70":1599,"71":21},"branchMap":{"0":{"type":"branch","line":22,"loc":{"start":{"line":22,"column":2},"end":{"line":23,"column":24}},"locations":[{"start":{"line":22,"column":2},"end":{"line":23,"column":24}}]},"1":{"type":"branch","line":23,"loc":{"start":{"line":23,"column":13},"end":{"line":23,"column":22}},"locations":[{"start":{"line":23,"column":13},"end":{"line":23,"column":22}}]},"2":{"type":"branch","line":29,"loc":{"start":{"line":29,"column":2},"end":{"line":32,"column":46}},"locations":[{"start":{"line":29,"column":2},"end":{"line":32,"column":46}}]},"3":{"type":"branch","line":32,"loc":{"start":{"line":32,"column":35},"end":{"line":32,"column":44}},"locations":[{"start":{"line":32,"column":35},"end":{"line":32,"column":44}}]},"4":{"type":"branch","line":53,"loc":{"start":{"line":53,"column":30},"end":{"line":72,"column":1}},"locations":[{"start":{"line":53,"column":30},"end":{"line":72,"column":1}}]},"5":{"type":"branch","line":58,"loc":{"start":{"line":58,"column":4},"end":{"line":64,"column":5}},"locations":[{"start":{"line":58,"column":4},"end":{"line":64,"column":5}}]},"6":{"type":"branch","line":59,"loc":{"start":{"line":59,"column":4},"end":{"line":64,"column":5}},"locations":[{"start":{"line":59,"column":4},"end":{"line":64,"column":5}}]},"7":{"type":"branch","line":62,"loc":{"start":{"line":62,"column":32},"end":{"line":62,"column":68}},"locations":[{"start":{"line":62,"column":32},"end":{"line":62,"column":68}}]},"8":{"type":"branch","line":66,"loc":{"start":{"line":66,"column":9},"end":{"line":71,"column":33}},"locations":[{"start":{"line":66,"column":9},"end":{"line":71,"column":33}}]}},"b":{"0":[2853],"1":[549742],"2":[10719],"3":[73398],"4":[21],"5":[3198],"6":[319602],"7":[1],"8":[1599]},"fnMap":{"0":{"name":"getEquivalence","decl":{"start":{"line":53,"column":30},"end":{"line":72,"column":1}},"loc":{"start":{"line":53,"column":30},"end":{"line":72,"column":1}},"line":53},"1":{"name":"sample","decl":{"start":{"line":58,"column":4},"end":{"line":64,"column":5}},"loc":{"start":{"line":58,"column":4},"end":{"line":64,"column":5}},"line":58}},"f":{"0":21,"1":3198}}
,"/home/eilara/projects/haag59/effect-ts-laws/src/arbitrary/time.ts": {"path":"/home/eilara/projects/haag59/effect-ts-laws/src/arbitrary/time.ts","all":false,"statementMap":{"5":{"start":{"line":6,"column":0},"end":{"line":6,"column":59}},"6":{"start":{"line":7,"column":0},"end":{"line":7,"column":27}},"7":{"start":{"line":8,"column":0},"end":{"line":8,"column":37}},"8":{"start":{"line":9,"column":0},"end":{"line":9,"column":54}},"10":{"start":{"line":11,"column":0},"end":{"line":11,"column":37}},"16":{"start":{"line":17,"column":0},"end":{"line":17,"column":60}},"17":{"start":{"line":18,"column":0},"end":{"line":18,"column":37}},"18":{"start":{"line":19,"column":0},"end":{"line":19,"column":38}},"19":{"start":{"line":20,"column":0},"end":{"line":20,"column":38}},"20":{"start":{"line":21,"column":0},"end":{"line":21,"column":36}},"21":{"start":{"line":22,"column":0},"end":{"line":22,"column":35}},"22":{"start":{"line":23,"column":0},"end":{"line":23,"column":36}},"23":{"start":{"line":24,"column":0},"end":{"line":24,"column":1}},"29":{"start":{"line":30,"column":0},"end":{"line":30,"column":43}},"31":{"start":{"line":32,"column":0},"end":{"line":32,"column":9}},"32":{"start":{"line":33,"column":0},"end":{"line":33,"column":37}},"33":{"start":{"line":34,"column":0},"end":{"line":34,"column":32}},"34":{"start":{"line":35,"column":0},"end":{"line":35,"column":73}},"35":{"start":{"line":36,"column":0},"end":{"line":36,"column":72}},"36":{"start":{"line":37,"column":0},"end":{"line":37,"column":24}},"37":{"start":{"line":38,"column":0},"end":{"line":38,"column":31}},"38":{"start":{"line":39,"column":0},"end":{"line":39,"column":31}},"39":{"start":{"line":40,"column":0},"end":{"line":40,"column":6}},"41":{"start":{"line":42,"column":0},"end":{"line":42,"column":20}},"42":{"start":{"line":43,"column":0},"end":{"line":43,"column":64}},"43":{"start":{"line":44,"column":0},"end":{"line":44,"column":14}},"44":{"start":{"line":45,"column":0},"end":{"line":45,"column":5}},"45":{"start":{"line":46,"column":0},"end":{"line":46,"column":5}},"46":{"start":{"line":47,"column":0},"end":{"line":47,"column":1}},"54":{"start":{"line":55,"column":0},"end":{"line":55,"column":69}},"55":{"start":{"line":56,"column":0},"end":{"line":56,"column":22}},"56":{"start":{"line":57,"column":0},"end":{"line":57,"column":13}},"57":{"start":{"line":58,"column":0},"end":{"line":58,"column":43}},"58":{"start":{"line":59,"column":0},"end":{"line":59,"column":1}},"64":{"start":{"line":65,"column":0},"end":{"line":65,"column":78}},"65":{"start":{"line":66,"column":0},"end":{"line":66,"column":7}},"66":{"start":{"line":67,"column":0},"end":{"line":67,"column":42}},"67":{"start":{"line":68,"column":0},"end":{"line":68,"column":12}},"68":{"start":{"line":69,"column":0},"end":{"line":69,"column":41}},"69":{"start":{"line":70,"column":0},"end":{"line":70,"column":3}},"75":{"start":{"line":76,"column":0},"end":{"line":76,"column":22}},"76":{"start":{"line":77,"column":0},"end":{"line":77,"column":35}},"78":{"start":{"line":79,"column":0},"end":{"line":79,"column":7}},"79":{"start":{"line":80,"column":0},"end":{"line":80,"column":47}},"80":{"start":{"line":81,"column":0},"end":{"line":81,"column":48}},"81":{"start":{"line":82,"column":0},"end":{"line":82,"column":3}}},"s":{"5":1,"6":1,"7":1,"8":1,"10":1,"16":1,"17":1,"18":1,"19":1,"20":1,"21":1,"22":1,"23":1,"29":1,"31":1,"32":1,"33":1,"34":101,"35":101,"36":101,"37":101,"38":101,"39":101,"41":101,"42":101,"43":101,"44":101,"45":1,"46":1,"54":1,"55":1,"56":1,"57":1,"58":1,"64":1,"65":2,"66":2,"67":2,"68":2,"69":2,"75":1,"76":1,"78":1,"79":1,"80":1,"81":1},"branchMap":{"0":{"type":"branch","line":18,"loc":{"start":{"line":18,"column":18},"end":{"line":18,"column":35}},"locations":[{"start":{"line":18,"column":18},"end":{"line":18,"column":35}}]},"1":{"type":"branch","line":19,"loc":{"start":{"line":19,"column":18},"end":{"line":19,"column":36}},"locations":[{"start":{"line":19,"column":18},"end":{"line":19,"column":36}}]},"2":{"type":"branch","line":20,"loc":{"start":{"line":20,"column":18},"end":{"line":20,"column":36}},"locations":[{"start":{"line":20,"column":18},"end":{"line":20,"column":36}}]},"3":{"type":"branch","line":21,"loc":{"start":{"line":21,"column":18},"end":{"line":21,"column":34}},"locations":[{"start":{"line":21,"column":18},"end":{"line":21,"column":34}}]},"4":{"type":"branch","line":22,"loc":{"start":{"line":22,"column":18},"end":{"line":22,"column":33}},"locations":[{"start":{"line":22,"column":18},"end":{"line":22,"column":33}}]},"5":{"type":"branch","line":23,"loc":{"start":{"line":23,"column":18},"end":{"line":23,"column":34}},"locations":[{"start":{"line":23,"column":18},"end":{"line":23,"column":34}}]},"6":{"type":"branch","line":34,"loc":{"start":{"line":34,"column":10},"end":{"line":46,"column":3}},"locations":[{"start":{"line":34,"column":10},"end":{"line":46,"column":3}}]},"7":{"type":"branch","line":35,"loc":{"start":{"line":35,"column":31},"end":{"line":35,"column":58}},"locations":[{"start":{"line":35,"column":31},"end":{"line":35,"column":58}}]},"8":{"type":"branch","line":35,"loc":{"start":{"line":35,"column":54},"end":{"line":35,"column":73}},"locations":[{"start":{"line":35,"column":54},"end":{"line":35,"column":73}}]},"9":{"type":"branch","line":58,"loc":{"start":{"line":58,"column":6},"end":{"line":58,"column":41}},"locations":[{"start":{"line":58,"column":6},"end":{"line":58,"column":41}}]},"10":{"type":"branch","line":65,"loc":{"start":{"line":65,"column":19},"end":{"line":70,"column":3}},"locations":[{"start":{"line":65,"column":19},"end":{"line":70,"column":3}}]},"11":{"type":"branch","line":69,"loc":{"start":{"line":69,"column":8},"end":{"line":69,"column":39}},"locations":[{"start":{"line":69,"column":8},"end":{"line":69,"column":39}}]},"12":{"type":"branch","line":76,"loc":{"start":{"line":76,"column":21},"end":{"line":82,"column":3}},"locations":[{"start":{"line":76,"column":21},"end":{"line":82,"column":3}}]},"13":{"type":"branch","line":81,"loc":{"start":{"line":81,"column":8},"end":{"line":81,"column":46}},"locations":[{"start":{"line":81,"column":8},"end":{"line":81,"column":46}}]}},"b":{"0":[928],"1":[899],"2":[889],"3":[918],"4":[899],"5":[867],"6":[101],"7":[44],"8":[57],"9":[100],"10":[2],"11":[2900],"12":[1],"13":[100]},"fnMap":{"0":{"name":"utc","decl":{"start":{"line":65,"column":19},"end":{"line":70,"column":3}},"loc":{"start":{"line":65,"column":19},"end":{"line":70,"column":3}},"line":65},"1":{"name":"zoned","decl":{"start":{"line":76,"column":21},"end":{"line":82,"column":3}},"loc":{"start":{"line":76,"column":21},"end":{"line":82,"column":3}},"line":76}},"f":{"0":2,"1":1}}
,"/home/eilara/projects/haag59/effect-ts-laws/src/arbitrary/types.ts": {"path":"/home/eilara/projects/haag59/effect-ts-laws/src/arbitrary/types.ts","all":true,"statementMap":{},"s":{},"branchMap":{"0":{"type":"branch","line":1,"loc":{"start":{"line":1,"column":1687},"end":{"line":61,"column":48}},"locations":[{"start":{"line":1,"column":1687},"end":{"line":61,"column":48}}]}},"b":{"0":[1]},"fnMap":{"0":{"name":"(empty-report)","decl":{"start":{"line":1,"column":1687},"end":{"line":61,"column":48}},"loc":{"start":{"line":1,"column":1687},"end":{"line":61,"column":48}},"line":1}},"f":{"0":1}}
,"/home/eilara/projects/haag59/effect-ts-laws/src/law/equivalence.ts": {"path":"/home/eilara/projects/haag59/effect-ts-laws/src/law/equivalence.ts","all":false,"statementMap":{"3":{"start":{"line":4,"column":0},"end":{"line":4,"column":53}},"45":{"start":{"line":46,"column":0},"end":{"line":46,"column":31}},"46":{"start":{"line":47,"column":0},"end":{"line":47,"column":62}},"47":{"start":{"line":48,"column":0},"end":{"line":48,"column":49}},"49":{"start":{"line":50,"column":0},"end":{"line":50,"column":61}},"50":{"start":{"line":51,"column":0},"end":{"line":51,"column":71}}},"s":{"3":1,"45":1,"46":1,"47":231,"49":231,"50":231},"branchMap":{"0":{"type":"branch","line":47,"loc":{"start":{"line":47,"column":2},"end":{"line":51,"column":71}},"locations":[{"start":{"line":47,"column":2},"end":{"line":51,"column":71}}]},"1":{"type":"branch","line":50,"loc":{"start":{"line":50,"column":2},"end":{"line":51,"column":71}},"locations":[{"start":{"line":50,"column":2},"end":{"line":51,"column":71}}]}},"b":{"0":[231],"1":[231]},"fnMap":{"0":{"name":"liftEquivalences","decl":{"start":{"line":47,"column":2},"end":{"line":51,"column":71}},"loc":{"start":{"line":47,"column":2},"end":{"line":51,"column":71}},"line":47}},"f":{"0":231}}
,"/home/eilara/projects/haag59/effect-ts-laws/src/law/law.ts": {"path":"/home/eilara/projects/haag59/effect-ts-laws/src/law/law.ts","all":false,"statementMap":{"3":{"start":{"line":4,"column":0},"end":{"line":4,"column":52}},"4":{"start":{"line":5,"column":0},"end":{"line":5,"column":38}},"5":{"start":{"line":6,"column":0},"end":{"line":6,"column":27}},"92":{"start":{"line":93,"column":0},"end":{"line":93,"column":18}},"93":{"start":{"line":94,"column":0},"end":{"line":94,"column":27}},"94":{"start":{"line":95,"column":0},"end":{"line":95,"column":17}},"95":{"start":{"line":96,"column":0},"end":{"line":96,"column":17}},"96":{"start":{"line":97,"column":0},"end":{"line":97,"column":58}},"98":{"start":{"line":99,"column":0},"end":{"line":99,"column":3}},"100":{"start":{"line":101,"column":0},"end":{"line":101,"column":46}},"102":{"start":{"line":103,"column":0},"end":{"line":103,"column":36}},"103":{"start":{"line":104,"column":0},"end":{"line":104,"column":18}},"104":{"start":{"line":105,"column":0},"end":{"line":105,"column":9}},"105":{"start":{"line":106,"column":0},"end":{"line":106,"column":9}},"106":{"start":{"line":107,"column":0},"end":{"line":107,"column":33}},"107":{"start":{"line":108,"column":0},"end":{"line":108,"column":44}},"110":{"start":{"line":111,"column":0},"end":{"line":111,"column":4}},"121":{"start":{"line":122,"column":0},"end":{"line":122,"column":51}},"122":{"start":{"line":123,"column":0},"end":{"line":123,"column":12}},"123":{"start":{"line":124,"column":0},"end":{"line":124,"column":8}},"124":{"start":{"line":125,"column":0},"end":{"line":125,"column":64}},"133":{"start":{"line":134,"column":0},"end":{"line":134,"column":49}},"134":{"start":{"line":135,"column":0},"end":{"line":135,"column":15}},"135":{"start":{"line":136,"column":0},"end":{"line":136,"column":34}},"136":{"start":{"line":137,"column":0},"end":{"line":137,"column":25}},"137":{"start":{"line":138,"column":0},"end":{"line":138,"column":49}},"139":{"start":{"line":140,"column":0},"end":{"line":140,"column":7}},"140":{"start":{"line":141,"column":0},"end":{"line":141,"column":29}},"141":{"start":{"line":142,"column":0},"end":{"line":142,"column":19}},"145":{"start":{"line":146,"column":0},"end":{"line":146,"column":3}},"147":{"start":{"line":148,"column":0},"end":{"line":148,"column":37}},"148":{"start":{"line":149,"column":0},"end":{"line":149,"column":1}},"158":{"start":{"line":159,"column":0},"end":{"line":159,"column":49}},"159":{"start":{"line":160,"column":0},"end":{"line":160,"column":58}},"160":{"start":{"line":161,"column":0},"end":{"line":161,"column":33}},"161":{"start":{"line":162,"column":0},"end":{"line":162,"column":12}},"162":{"start":{"line":163,"column":0},"end":{"line":163,"column":12}},"163":{"start":{"line":164,"column":0},"end":{"line":164,"column":54}},"164":{"start":{"line":165,"column":0},"end":{"line":165,"column":44}},"165":{"start":{"line":166,"column":0},"end":{"line":166,"column":41}},"166":{"start":{"line":167,"column":0},"end":{"line":167,"column":7}},"167":{"start":{"line":168,"column":0},"end":{"line":168,"column":34}},"168":{"start":{"line":169,"column":0},"end":{"line":169,"column":3}},"169":{"start":{"line":170,"column":0},"end":{"line":170,"column":1}}},"s":{"3":1,"4":1,"5":1,"92":1,"93":1,"94":936,"95":936,"96":936,"98":936,"100":936,"102":936,"103":936,"104":936,"105":936,"106":936,"107":936,"110":936,"121":1,"122":4,"123":4,"124":4,"133":1,"134":125,"135":125,"136":125,"137":125,"139":125,"140":125,"141":125,"145":43,"147":125,"148":125,"158":1,"159":881,"160":881,"161":881,"162":881,"163":881,"164":80397,"165":43,"166":881,"167":881,"168":881,"169":881},"branchMap":{"0":{"type":"branch","line":94,"loc":{"start":{"line":94,"column":2},"end":{"line":111,"column":4}},"locations":[{"start":{"line":94,"column":2},"end":{"line":111,"column":4}}]},"1":{"type":"branch","line":99,"loc":{"start":{"line":99,"column":2},"end":{"line":111,"column":4}},"locations":[{"start":{"line":99,"column":2},"end":{"line":111,"column":4}}]},"2":{"type":"branch","line":122,"loc":{"start":{"line":122,"column":25},"end":{"line":125,"column":64}},"locations":[{"start":{"line":122,"column":25},"end":{"line":125,"column":64}}]},"3":{"type":"branch","line":134,"loc":{"start":{"line":134,"column":24},"end":{"line":149,"column":1}},"locations":[{"start":{"line":134,"column":24},"end":{"line":149,"column":1}}]},"4":{"type":"branch","line":142,"loc":{"start":{"line":142,"column":2},"end":{"line":146,"column":3}},"locations":[{"start":{"line":142,"column":2},"end":{"line":146,"column":3}}]},"5":{"type":"branch","line":144,"loc":{"start":{"line":144,"column":35},"end":{"line":144,"column":67}},"locations":[{"start":{"line":144,"column":35},"end":{"line":144,"column":67}}]},"6":{"type":"branch","line":159,"loc":{"start":{"line":159,"column":24},"end":{"line":170,"column":1}},"locations":[{"start":{"line":159,"column":24},"end":{"line":170,"column":1}}]},"7":{"type":"branch","line":164,"loc":{"start":{"line":164,"column":33},"end":{"line":167,"column":5}},"locations":[{"start":{"line":164,"column":33},"end":{"line":167,"column":5}}]},"8":{"type":"branch","line":165,"loc":{"start":{"line":165,"column":33},"end":{"line":165,"column":44}},"locations":[{"start":{"line":165,"column":33},"end":{"line":165,"column":44}}]},"9":{"type":"branch","line":165,"loc":{"start":{"line":165,"column":40},"end":{"line":166,"column":41}},"locations":[{"start":{"line":165,"column":40},"end":{"line":166,"column":41}}]}},"b":{"0":[936],"1":[936],"2":[4],"3":[125],"4":[43],"5":[1],"6":[881],"7":[80397],"8":[80354],"9":[43]},"fnMap":{"0":{"name":"Law","decl":{"start":{"line":94,"column":2},"end":{"line":111,"column":4}},"loc":{"start":{"line":94,"column":2},"end":{"line":111,"column":4}},"line":94},"1":{"name":"negateLaw","decl":{"start":{"line":122,"column":25},"end":{"line":125,"column":64}},"loc":{"start":{"line":122,"column":25},"end":{"line":125,"column":64}},"line":122},"2":{"name":"checkLaw","decl":{"start":{"line":134,"column":24},"end":{"line":149,"column":1}},"loc":{"start":{"line":134,"column":24},"end":{"line":149,"column":1}},"line":134},"3":{"name":"asAssert","decl":{"start":{"line":159,"column":24},"end":{"line":170,"column":1}},"loc":{"start":{"line":159,"column":24},"end":{"line":170,"column":1}},"line":159}},"f":{"0":936,"1":4,"2":125,"3":881}}
,"/home/eilara/projects/haag59/effect-ts-laws/src/law/lawSet.ts": {"path":"/home/eilara/projects/haag59/effect-ts-laws/src/law/lawSet.ts","all":false,"statementMap":{"3":{"start":{"line":4,"column":0},"end":{"line":4,"column":67}},"5":{"start":{"line":6,"column":0},"end":{"line":6,"column":33}},"88":{"start":{"line":89,"column":0},"end":{"line":89,"column":21}},"89":{"start":{"line":90,"column":0},"end":{"line":90,"column":24}},"90":{"start":{"line":91,"column":0},"end":{"line":91,"column":3}},"94":{"start":{"line":95,"column":0},"end":{"line":95,"column":14}},"98":{"start":{"line":99,"column":0},"end":{"line":99,"column":25}},"99":{"start":{"line":100,"column":0},"end":{"line":100,"column":35}},"105":{"start":{"line":106,"column":0},"end":{"line":106,"column":72}},"106":{"start":{"line":107,"column":0},"end":{"line":107,"column":7}},"107":{"start":{"line":108,"column":0},"end":{"line":108,"column":13}},"108":{"start":{"line":109,"column":0},"end":{"line":109,"column":11}},"109":{"start":{"line":110,"column":0},"end":{"line":110,"column":2}},"119":{"start":{"line":120,"column":0},"end":{"line":120,"column":67}},"120":{"start":{"line":121,"column":0},"end":{"line":121,"column":23}},"128":{"start":{"line":129,"column":0},"end":{"line":129,"column":57}},"129":{"start":{"line":130,"column":0},"end":{"line":130,"column":55}},"135":{"start":{"line":136,"column":0},"end":{"line":136,"column":22}},"136":{"start":{"line":137,"column":0},"end":{"line":137,"column":27}},"137":{"start":{"line":138,"column":0},"end":{"line":138,"column":41}},"138":{"start":{"line":139,"column":0},"end":{"line":139,"column":12}},"139":{"start":{"line":140,"column":0},"end":{"line":140,"column":28}},"140":{"start":{"line":141,"column":0},"end":{"line":141,"column":4}},"148":{"start":{"line":149,"column":0},"end":{"line":149,"column":25}},"149":{"start":{"line":150,"column":0},"end":{"line":150,"column":54}},"153":{"start":{"line":154,"column":0},"end":{"line":154,"column":11}},"154":{"start":{"line":155,"column":0},"end":{"line":155,"column":32}},"155":{"start":{"line":156,"column":0},"end":{"line":156,"column":46}},"156":{"start":{"line":157,"column":0},"end":{"line":157,"column":3}},"165":{"start":{"line":166,"column":0},"end":{"line":166,"column":26}},"166":{"start":{"line":167,"column":0},"end":{"line":167,"column":23}},"167":{"start":{"line":168,"column":0},"end":{"line":168,"column":34}},"168":{"start":{"line":169,"column":0},"end":{"line":169,"column":16}},"169":{"start":{"line":170,"column":0},"end":{"line":170,"column":61}},"170":{"start":{"line":171,"column":0},"end":{"line":171,"column":30}},"171":{"start":{"line":172,"column":0},"end":{"line":172,"column":3}},"173":{"start":{"line":174,"column":0},"end":{"line":174,"column":10}},"174":{"start":{"line":175,"column":0},"end":{"line":175,"column":65}},"175":{"start":{"line":176,"column":0},"end":{"line":176,"column":31}},"176":{"start":{"line":177,"column":0},"end":{"line":177,"column":3}},"177":{"start":{"line":178,"column":0},"end":{"line":178,"column":1}},"184":{"start":{"line":185,"column":0},"end":{"line":185,"column":27}},"185":{"start":{"line":186,"column":0},"end":{"line":186,"column":38}},"186":{"start":{"line":187,"column":0},"end":{"line":187,"column":3}},"188":{"start":{"line":189,"column":0},"end":{"line":189,"column":21}},"190":{"start":{"line":191,"column":0},"end":{"line":191,"column":47}},"216":{"start":{"line":217,"column":0},"end":{"line":217,"column":25}},"217":{"start":{"line":218,"column":0},"end":{"line":218,"column":17}},"221":{"start":{"line":222,"column":0},"end":{"line":222,"column":41}},"222":{"start":{"line":223,"column":0},"end":{"line":223,"column":12}},"223":{"start":{"line":224,"column":0},"end":{"line":224,"column":49}},"224":{"start":{"line":225,"column":0},"end":{"line":225,"column":4}},"233":{"start":{"line":234,"column":0},"end":{"line":234,"column":29}},"234":{"start":{"line":235,"column":0},"end":{"line":235,"column":17}},"238":{"start":{"line":239,"column":0},"end":{"line":239,"column":47}},"239":{"start":{"line":240,"column":0},"end":{"line":240,"column":12}},"240":{"start":{"line":241,"column":0},"end":{"line":241,"column":49}},"241":{"start":{"line":242,"column":0},"end":{"line":242,"column":39}},"242":{"start":{"line":243,"column":0},"end":{"line":243,"column":4}},"248":{"start":{"line":249,"column":0},"end":{"line":249,"column":54}},"251":{"start":{"line":252,"column":0},"end":{"line":252,"column":16}},"252":{"start":{"line":253,"column":0},"end":{"line":253,"column":48}},"253":{"start":{"line":254,"column":0},"end":{"line":254,"column":36}},"254":{"start":{"line":255,"column":0},"end":{"line":255,"column":29}},"255":{"start":{"line":256,"column":0},"end":{"line":256,"column":27}},"257":{"start":{"line":258,"column":0},"end":{"line":258,"column":17}},"258":{"start":{"line":259,"column":0},"end":{"line":259,"column":33}},"259":{"start":{"line":260,"column":0},"end":{"line":260,"column":39}},"260":{"start":{"line":261,"column":0},"end":{"line":261,"column":22}},"261":{"start":{"line":262,"column":0},"end":{"line":262,"column":23}},"262":{"start":{"line":263,"column":0},"end":{"line":263,"column":12}},"263":{"start":{"line":264,"column":0},"end":{"line":264,"column":35}},"264":{"start":{"line":265,"column":0},"end":{"line":265,"column":75}},"265":{"start":{"line":266,"column":0},"end":{"line":266,"column":23}},"266":{"start":{"line":267,"column":0},"end":{"line":267,"column":24}},"267":{"start":{"line":268,"column":0},"end":{"line":268,"column":5}},"268":{"start":{"line":269,"column":0},"end":{"line":269,"column":3}},"270":{"start":{"line":271,"column":0},"end":{"line":271,"column":36}},"271":{"start":{"line":272,"column":0},"end":{"line":272,"column":1}}},"s":{"3":1,"5":1,"88":1,"89":1,"90":130,"94":130,"98":130,"99":130,"105":1,"106":296,"107":296,"108":296,"109":296,"119":1,"120":45,"128":1,"129":52,"135":1,"136":1,"137":2,"138":2,"139":2,"140":2,"148":1,"149":1,"153":164,"154":164,"155":164,"156":164,"165":1,"166":55,"167":55,"168":55,"169":55,"170":123,"171":55,"173":55,"174":55,"175":55,"176":55,"177":55,"184":1,"185":1,"186":2,"188":2,"190":2,"216":1,"217":1,"221":1,"222":1,"223":1,"224":1,"233":1,"234":1,"238":2,"239":1,"240":1,"241":1,"242":1,"248":1,"251":1,"252":286,"253":286,"254":286,"255":286,"257":286,"258":286,"259":250,"260":250,"261":1,"262":250,"263":249,"264":234,"265":234,"266":234,"267":234,"268":250,"270":286,"271":286},"branchMap":{"0":{"type":"branch","line":90,"loc":{"start":{"line":90,"column":2},"end":{"line":100,"column":35}},"locations":[{"start":{"line":90,"column":2},"end":{"line":100,"column":35}}]},"1":{"type":"branch","line":91,"loc":{"start":{"line":91,"column":2},"end":{"line":100,"column":35}},"locations":[{"start":{"line":91,"column":2},"end":{"line":100,"column":35}}]},"2":{"type":"branch","line":106,"loc":{"start":{"line":106,"column":24},"end":{"line":110,"column":2}},"locations":[{"start":{"line":106,"column":24},"end":{"line":110,"column":2}}]},"3":{"type":"branch","line":120,"loc":{"start":{"line":120,"column":33},"end":{"line":121,"column":23}},"locations":[{"start":{"line":120,"column":33},"end":{"line":121,"column":23}}]},"4":{"type":"branch","line":129,"loc":{"start":{"line":129,"column":27},"end":{"line":130,"column":55}},"locations":[{"start":{"line":129,"column":27},"end":{"line":130,"column":55}}]},"5":{"type":"branch","line":137,"loc":{"start":{"line":137,"column":2},"end":{"line":141,"column":4}},"locations":[{"start":{"line":137,"column":2},"end":{"line":141,"column":4}}]},"6":{"type":"branch","line":138,"loc":{"start":{"line":138,"column":2},"end":{"line":141,"column":4}},"locations":[{"start":{"line":138,"column":2},"end":{"line":141,"column":4}}]},"7":{"type":"branch","line":150,"loc":{"start":{"line":150,"column":2},"end":{"line":157,"column":3}},"locations":[{"start":{"line":150,"column":2},"end":{"line":157,"column":3}}]},"8":{"type":"branch","line":154,"loc":{"start":{"line":154,"column":2},"end":{"line":157,"column":3}},"locations":[{"start":{"line":154,"column":2},"end":{"line":157,"column":3}}]},"9":{"type":"branch","line":166,"loc":{"start":{"line":166,"column":25},"end":{"line":178,"column":1}},"locations":[{"start":{"line":166,"column":25},"end":{"line":178,"column":1}}]},"10":{"type":"branch","line":170,"loc":{"start":{"line":170,"column":55},"end":{"line":171,"column":30}},"locations":[{"start":{"line":170,"column":55},"end":{"line":171,"column":30}}]},"11":{"type":"branch","line":175,"loc":{"start":{"line":175,"column":24},"end":{"line":175,"column":63}},"locations":[{"start":{"line":175,"column":24},"end":{"line":175,"column":63}}]},"12":{"type":"branch","line":186,"loc":{"start":{"line":186,"column":2},"end":{"line":191,"column":47}},"locations":[{"start":{"line":186,"column":2},"end":{"line":191,"column":47}}]},"13":{"type":"branch","line":187,"loc":{"start":{"line":187,"column":2},"end":{"line":191,"column":47}},"locations":[{"start":{"line":187,"column":2},"end":{"line":191,"column":47}}]},"14":{"type":"branch","line":218,"loc":{"start":{"line":218,"column":2},"end":{"line":225,"column":4}},"locations":[{"start":{"line":218,"column":2},"end":{"line":225,"column":4}}]},"15":{"type":"branch","line":222,"loc":{"start":{"line":222,"column":2},"end":{"line":225,"column":4}},"locations":[{"start":{"line":222,"column":2},"end":{"line":225,"column":4}}]},"16":{"type":"branch","line":224,"loc":{"start":{"line":224,"column":22},"end":{"line":224,"column":47}},"locations":[{"start":{"line":224,"column":22},"end":{"line":224,"column":47}}]},"17":{"type":"branch","line":235,"loc":{"start":{"line":235,"column":2},"end":{"line":243,"column":4}},"locations":[{"start":{"line":235,"column":2},"end":{"line":243,"column":4}}]},"18":{"type":"branch","line":239,"loc":{"start":{"line":239,"column":2},"end":{"line":243,"column":4}},"locations":[{"start":{"line":239,"column":2},"end":{"line":243,"column":4}}]},"19":{"type":"branch","line":241,"loc":{"start":{"line":241,"column":22},"end":{"line":241,"column":47}},"locations":[{"start":{"line":241,"column":22},"end":{"line":241,"column":47}}]},"20":{"type":"branch","line":252,"loc":{"start":{"line":252,"column":15},"end":{"line":272,"column":1}},"locations":[{"start":{"line":252,"column":15},"end":{"line":272,"column":1}}]},"21":{"type":"branch","line":259,"loc":{"start":{"line":259,"column":32},"end":{"line":269,"column":3}},"locations":[{"start":{"line":259,"column":32},"end":{"line":269,"column":3}}]},"22":{"type":"branch","line":261,"loc":{"start":{"line":261,"column":21},"end":{"line":263,"column":11}},"locations":[{"start":{"line":261,"column":21},"end":{"line":263,"column":11}}]},"23":{"type":"branch","line":263,"loc":{"start":{"line":263,"column":4},"end":{"line":268,"column":5}},"locations":[{"start":{"line":263,"column":4},"end":{"line":268,"column":5}}]},"24":{"type":"branch","line":264,"loc":{"start":{"line":264,"column":27},"end":{"line":264,"column":35}},"locations":[{"start":{"line":264,"column":27},"end":{"line":264,"column":35}}]},"25":{"type":"branch","line":264,"loc":{"start":{"line":264,"column":27},"end":{"line":268,"column":5}},"locations":[{"start":{"line":264,"column":27},"end":{"line":268,"column":5}}]}},"b":{"0":[130],"1":[130],"2":[296],"3":[45],"4":[52],"5":[2],"6":[2],"7":[164],"8":[164],"9":[55],"10":[123],"11":[35],"12":[2],"13":[2],"14":[1],"15":[1],"16":[3],"17":[2],"18":[1],"19":[3],"20":[286],"21":[250],"22":[1],"23":[249],"24":[15],"25":[234]},"fnMap":{"0":{"name":"LawSet","decl":{"start":{"line":90,"column":2},"end":{"line":100,"column":35}},"loc":{"start":{"line":90,"column":2},"end":{"line":100,"column":35}},"line":90},"1":{"name":"lawTests","decl":{"start":{"line":106,"column":24},"end":{"line":110,"column":2}},"loc":{"start":{"line":106,"column":24},"end":{"line":110,"column":2}},"line":106},"2":{"name":"anonymousLawTests","decl":{"start":{"line":120,"column":33},"end":{"line":121,"column":23}},"loc":{"start":{"line":120,"column":33},"end":{"line":121,"column":23}},"line":120},"3":{"name":"lawSetTests","decl":{"start":{"line":129,"column":27},"end":{"line":130,"column":55}},"loc":{"start":{"line":129,"column":27},"end":{"line":130,"column":55}},"line":129},"4":{"name":"addLaws","decl":{"start":{"line":137,"column":2},"end":{"line":141,"column":4}},"loc":{"start":{"line":137,"column":2},"end":{"line":141,"column":4}},"line":137},"5":{"name":"addLawSets","decl":{"start":{"line":150,"column":2},"end":{"line":157,"column":3}},"loc":{"start":{"line":150,"column":2},"end":{"line":157,"column":3}},"line":150},"6":{"name":"checkLaws","decl":{"start":{"line":166,"column":25},"end":{"line":178,"column":1}},"loc":{"start":{"line":166,"column":25},"end":{"line":178,"column":1}},"line":166},"7":{"name":"checkLawSets","decl":{"start":{"line":186,"column":2},"end":{"line":191,"column":47}},"loc":{"start":{"line":186,"column":2},"end":{"line":191,"column":47}},"line":186},"8":{"name":"filterLaws","decl":{"start":{"line":218,"column":2},"end":{"line":225,"column":4}},"loc":{"start":{"line":218,"column":2},"end":{"line":225,"column":4}},"line":218},"9":{"name":"filterLawsDeep","decl":{"start":{"line":235,"column":2},"end":{"line":243,"column":4}},"loc":{"start":{"line":235,"column":2},"end":{"line":243,"column":4}},"line":235},"10":{"name":"dedupe","decl":{"start":{"line":252,"column":15},"end":{"line":272,"column":1}},"loc":{"start":{"line":252,"column":15},"end":{"line":272,"column":1}},"line":252}},"f":{"0":130,"1":296,"2":45,"3":52,"4":2,"5":164,"6":55,"7":2,"8":1,"9":2,"10":286}}
,"/home/eilara/projects/haag59/effect-ts-laws/src/laws/algebra.ts": {"path":"/home/eilara/projects/haag59/effect-ts-laws/src/laws/algebra.ts","all":false,"statementMap":{"0":{"start":{"line":1,"column":0},"end":{"line":1,"column":24}},"8":{"start":{"line":9,"column":0},"end":{"line":9,"column":33}},"9":{"start":{"line":10,"column":0},"end":{"line":10,"column":3}},"10":{"start":{"line":11,"column":0},"end":{"line":11,"column":6}},"11":{"start":{"line":12,"column":0},"end":{"line":12,"column":6}},"12":{"start":{"line":13,"column":0},"end":{"line":13,"column":11}},"13":{"start":{"line":14,"column":0},"end":{"line":14,"column":6}},"18":{"start":{"line":19,"column":0},"end":{"line":19,"column":37}},"19":{"start":{"line":20,"column":0},"end":{"line":20,"column":25}},"20":{"start":{"line":21,"column":0},"end":{"line":21,"column":80}},"26":{"start":{"line":27,"column":0},"end":{"line":27,"column":30}},"27":{"start":{"line":28,"column":0},"end":{"line":28,"column":3}},"28":{"start":{"line":29,"column":0},"end":{"line":29,"column":6}},"29":{"start":{"line":30,"column":0},"end":{"line":30,"column":6}},"30":{"start":{"line":31,"column":0},"end":{"line":31,"column":6}},"31":{"start":{"line":32,"column":0},"end":{"line":32,"column":11}},"32":{"start":{"line":33,"column":0},"end":{"line":33,"column":6}},"38":{"start":{"line":39,"column":0},"end":{"line":39,"column":22}},"39":{"start":{"line":40,"column":0},"end":{"line":40,"column":19}},"40":{"start":{"line":41,"column":0},"end":{"line":41,"column":48}},"46":{"start":{"line":47,"column":0},"end":{"line":47,"column":31}},"47":{"start":{"line":48,"column":0},"end":{"line":48,"column":3}},"48":{"start":{"line":49,"column":0},"end":{"line":49,"column":6}},"49":{"start":{"line":50,"column":0},"end":{"line":50,"column":6}},"50":{"start":{"line":51,"column":0},"end":{"line":51,"column":11}},"51":{"start":{"line":52,"column":0},"end":{"line":52,"column":6}},"56":{"start":{"line":57,"column":0},"end":{"line":57,"column":29}},"57":{"start":{"line":58,"column":0},"end":{"line":58,"column":20}},"59":{"start":{"line":60,"column":0},"end":{"line":60,"column":80}}},"s":{"0":1,"8":1,"9":36,"10":36,"11":36,"12":36,"13":36,"18":36,"19":36,"20":36,"26":1,"27":4,"28":4,"29":4,"30":4,"31":4,"32":4,"38":4,"39":4,"40":4,"46":1,"47":22,"48":22,"49":22,"50":22,"51":22,"56":22,"57":22,"59":22},"branchMap":{"0":{"type":"branch","line":9,"loc":{"start":{"line":9,"column":29},"end":{"line":21,"column":80}},"locations":[{"start":{"line":9,"column":29},"end":{"line":21,"column":80}}]},"1":{"type":"branch","line":21,"loc":{"start":{"line":21,"column":30},"end":{"line":21,"column":79}},"locations":[{"start":{"line":21,"column":30},"end":{"line":21,"column":79}}]},"2":{"type":"branch","line":27,"loc":{"start":{"line":27,"column":23},"end":{"line":41,"column":48}},"locations":[{"start":{"line":27,"column":23},"end":{"line":41,"column":48}}]},"3":{"type":"branch","line":41,"loc":{"start":{"line":41,"column":24},"end":{"line":41,"column":47}},"locations":[{"start":{"line":41,"column":24},"end":{"line":41,"column":47}}]},"4":{"type":"branch","line":47,"loc":{"start":{"line":47,"column":24},"end":{"line":60,"column":80}},"locations":[{"start":{"line":47,"column":24},"end":{"line":60,"column":80}}]},"5":{"type":"branch","line":60,"loc":{"start":{"line":60,"column":24},"end":{"line":60,"column":79}},"locations":[{"start":{"line":60,"column":24},"end":{"line":60,"column":79}}]}},"b":{"0":[36],"1":[3043],"2":[4],"3":[400],"4":[22],"5":[1902]},"fnMap":{"0":{"name":"associativity","decl":{"start":{"line":9,"column":29},"end":{"line":21,"column":80}},"loc":{"start":{"line":9,"column":29},"end":{"line":21,"column":80}},"line":9},"1":{"name":"inverse","decl":{"start":{"line":27,"column":23},"end":{"line":41,"column":48}},"loc":{"start":{"line":27,"column":23},"end":{"line":41,"column":48}},"line":27},"2":{"name":"symmetry","decl":{"start":{"line":47,"column":24},"end":{"line":60,"column":80}},"loc":{"start":{"line":47,"column":24},"end":{"line":60,"column":80}},"line":47}},"f":{"0":36,"1":4,"2":22}}
,"/home/eilara/projects/haag59/effect-ts-laws/src/laws/schema.ts": {"path":"/home/eilara/projects/haag59/effect-ts-laws/src/laws/schema.ts","all":false,"statementMap":{"0":{"start":{"line":1,"column":0},"end":{"line":1,"column":32}},"1":{"start":{"line":2,"column":0},"end":{"line":2,"column":79}},"2":{"start":{"line":3,"column":0},"end":{"line":3,"column":53}},"4":{"start":{"line":5,"column":0},"end":{"line":5,"column":67}},"47":{"start":{"line":48,"column":0},"end":{"line":48,"column":74}},"48":{"start":{"line":49,"column":0},"end":{"line":49,"column":75}},"50":{"start":{"line":51,"column":0},"end":{"line":51,"column":14}},"51":{"start":{"line":52,"column":0},"end":{"line":52,"column":29}},"52":{"start":{"line":53,"column":0},"end":{"line":53,"column":20}},"53":{"start":{"line":54,"column":0},"end":{"line":54,"column":11}},"54":{"start":{"line":55,"column":0},"end":{"line":55,"column":42}},"55":{"start":{"line":56,"column":0},"end":{"line":56,"column":1}},"74":{"start":{"line":75,"column":0},"end":{"line":75,"column":39}},"75":{"start":{"line":76,"column":0},"end":{"line":76,"column":30}},"76":{"start":{"line":77,"column":0},"end":{"line":77,"column":28}},"77":{"start":{"line":78,"column":0},"end":{"line":78,"column":69}},"79":{"start":{"line":80,"column":0},"end":{"line":80,"column":9}},"80":{"start":{"line":81,"column":0},"end":{"line":81,"column":43}},"81":{"start":{"line":82,"column":0},"end":{"line":82,"column":43}},"82":{"start":{"line":83,"column":0},"end":{"line":83,"column":41}},"84":{"start":{"line":85,"column":0},"end":{"line":85,"column":27}},"87":{"start":{"line":88,"column":0},"end":{"line":88,"column":64}},"89":{"start":{"line":90,"column":0},"end":{"line":90,"column":10}},"90":{"start":{"line":91,"column":0},"end":{"line":91,"column":8}},"91":{"start":{"line":92,"column":0},"end":{"line":92,"column":32}},"92":{"start":{"line":93,"column":0},"end":{"line":93,"column":29}},"93":{"start":{"line":94,"column":0},"end":{"line":94,"column":23}},"94":{"start":{"line":95,"column":0},"end":{"line":95,"column":18}},"95":{"start":{"line":96,"column":0},"end":{"line":96,"column":11}},"96":{"start":{"line":97,"column":0},"end":{"line":97,"column":13}},"97":{"start":{"line":98,"column":0},"end":{"line":98,"column":15}},"98":{"start":{"line":99,"column":0},"end":{"line":99,"column":18}},"99":{"start":{"line":100,"column":0},"end":{"line":100,"column":28}},"100":{"start":{"line":101,"column":0},"end":{"line":101,"column":25}},"101":{"start":{"line":102,"column":0},"end":{"line":102,"column":17}},"102":{"start":{"line":103,"column":0},"end":{"line":103,"column":19}},"103":{"start":{"line":104,"column":0},"end":{"line":104,"column":21}},"104":{"start":{"line":105,"column":0},"end":{"line":105,"column":24}},"105":{"start":{"line":106,"column":0},"end":{"line":106,"column":35}},"106":{"start":{"line":107,"column":0},"end":{"line":107,"column":63}},"107":{"start":{"line":108,"column":0},"end":{"line":108,"column":17}},"108":{"start":{"line":109,"column":0},"end":{"line":109,"column":14}},"109":{"start":{"line":110,"column":0},"end":{"line":110,"column":11}},"110":{"start":{"line":111,"column":0},"end":{"line":111,"column":8}},"111":{"start":{"line":112,"column":0},"end":{"line":112,"column":6}},"113":{"start":{"line":114,"column":0},"end":{"line":114,"column":8}},"114":{"start":{"line":115,"column":0},"end":{"line":115,"column":32}},"115":{"start":{"line":116,"column":0},"end":{"line":116,"column":29}},"116":{"start":{"line":117,"column":0},"end":{"line":117,"column":23}},"117":{"start":{"line":118,"column":0},"end":{"line":118,"column":18}},"118":{"start":{"line":119,"column":0},"end":{"line":119,"column":11}},"119":{"start":{"line":120,"column":0},"end":{"line":120,"column":13}},"120":{"start":{"line":121,"column":0},"end":{"line":121,"column":15}},"121":{"start":{"line":122,"column":0},"end":{"line":122,"column":18}},"122":{"start":{"line":123,"column":0},"end":{"line":123,"column":28}},"123":{"start":{"line":124,"column":0},"end":{"line":124,"column":25}},"124":{"start":{"line":125,"column":0},"end":{"line":125,"column":17}},"125":{"start":{"line":126,"column":0},"end":{"line":126,"column":19}},"126":{"start":{"line":127,"column":0},"end":{"line":127,"column":21}},"127":{"start":{"line":128,"column":0},"end":{"line":128,"column":24}},"128":{"start":{"line":129,"column":0},"end":{"line":129,"column":35}},"129":{"start":{"line":130,"column":0},"end":{"line":130,"column":63}},"130":{"start":{"line":131,"column":0},"end":{"line":131,"column":17}},"131":{"start":{"line":132,"column":0},"end":{"line":132,"column":14}},"132":{"start":{"line":133,"column":0},"end":{"line":133,"column":11}},"133":{"start":{"line":134,"column":0},"end":{"line":134,"column":8}},"134":{"start":{"line":135,"column":0},"end":{"line":135,"column":6}},"135":{"start":{"line":136,"column":0},"end":{"line":136,"column":3}},"136":{"start":{"line":137,"column":0},"end":{"line":137,"column":1}},"138":{"start":{"line":139,"column":0},"end":{"line":139,"column":23}},"139":{"start":{"line":140,"column":0},"end":{"line":140,"column":30}},"140":{"start":{"line":141,"column":0},"end":{"line":141,"column":44}},"141":{"start":{"line":142,"column":0},"end":{"line":142,"column":25}},"142":{"start":{"line":143,"column":0},"end":{"line":143,"column":29}},"143":{"start":{"line":144,"column":0},"end":{"line":144,"column":1}}},"s":{"0":1,"1":1,"2":1,"4":1,"47":1,"48":2,"50":2,"51":2,"52":2,"53":2,"54":2,"55":2,"74":1,"75":2,"76":2,"77":2,"79":2,"80":2,"81":2,"82":2,"84":2,"87":2,"89":2,"90":2,"91":2,"92":2,"93":2,"94":2,"95":101,"96":101,"97":101,"98":101,"99":101,"100":101,"101":53,"102":53,"103":53,"104":53,"105":53,"106":53,"107":53,"108":53,"109":101,"110":101,"111":2,"113":2,"114":2,"115":2,"116":2,"117":2,"118":101,"119":101,"120":101,"121":101,"122":101,"123":101,"124":101,"125":101,"126":101,"127":101,"128":101,"129":101,
[...]
:15,"39":15,"41":15,"42":15,"43":15,"44":15,"45":15,"46":15,"47":15,"48":15,"60":1,"61":1,"62":14,"64":14,"70":14,"72":14,"73":14,"74":14,"75":14,"76":14,"77":14,"78":14,"79":14,"80":14,"82":1,"83":1,"84":1,"86":1,"92":1,"94":1,"95":1,"96":1,"97":1,"98":1,"99":1,"100":1,"101":1,"102":1,"110":1},"branchMap":{"0":{"type":"branch","line":31,"loc":{"start":{"line":31,"column":2},"end":{"line":49,"column":3}},"locations":[{"start":{"line":31,"column":2},"end":{"line":49,"column":3}}]},"1":{"type":"branch","line":34,"loc":{"start":{"line":34,"column":2},"end":{"line":49,"column":3}},"locations":[{"start":{"line":34,"column":2},"end":{"line":49,"column":3}}]},"2":{"type":"branch","line":62,"loc":{"start":{"line":62,"column":2},"end":{"line":81,"column":3}},"locations":[{"start":{"line":62,"column":2},"end":{"line":81,"column":3}}]},"3":{"type":"branch","line":65,"loc":{"start":{"line":65,"column":2},"end":{"line":81,"column":3}},"locations":[{"start":{"line":65,"column":2},"end":{"line":81,"column":3}}]},"4":{"type":"branch","line":84,"loc":{"start":{"line":84,"column":2},"end":{"line":103,"column":3}},"locations":[{"start":{"line":84,"column":2},"end":{"line":103,"column":3}}]},"5":{"type":"branch","line":87,"loc":{"start":{"line":87,"column":2},"end":{"line":103,"column":3}},"locations":[{"start":{"line":87,"column":2},"end":{"line":103,"column":3}}]}},"b":{"0":[15],"1":[15],"2":[14],"3":[14],"4":[1],"5":[1]},"fnMap":{"0":{"name":"testTypeclassLawsFor","decl":{"start":{"line":31,"column":2},"end":{"line":49,"column":3}},"loc":{"start":{"line":31,"column":2},"end":{"line":49,"column":3}},"line":31},"1":{"name":"testTypeclassLaws","decl":{"start":{"line":62,"column":2},"end":{"line":81,"column":3}},"loc":{"start":{"line":62,"column":2},"end":{"line":81,"column":3}},"line":62},"2":{"name":"underlyingProps","decl":{"start":{"line":84,"column":2},"end":{"line":103,"column":3}},"loc":{"start":{"line":84,"column":2},"end":{"line":103,"column":3}},"line":84}},"f":{"0":15,"1":14,"2":1}}
,"/home/eilara/projects/haag59/effect-ts-laws/src/vitest/parameterized.ts": {"path":"/home/eilara/projects/haag59/effect-ts-laws/src/vitest/parameterized.ts","all":false,"statementMap":{"3":{"start":{"line":4,"column":0},"end":{"line":4,"column":58}},"4":{"start":{"line":5,"column":0},"end":{"line":5,"column":41}},"16":{"start":{"line":17,"column":0},"end":{"line":17,"column":45}},"17":{"start":{"line":18,"column":0},"end":{"line":18,"column":46}},"18":{"start":{"line":19,"column":0},"end":{"line":19,"column":79}},"24":{"start":{"line":25,"column":0},"end":{"line":25,"column":19}},"28":{"start":{"line":29,"column":0},"end":{"line":29,"column":46}},"32":{"start":{"line":33,"column":0},"end":{"line":33,"column":36}},"33":{"start":{"line":34,"column":0},"end":{"line":34,"column":8}},"34":{"start":{"line":35,"column":0},"end":{"line":35,"column":28}},"35":{"start":{"line":36,"column":0},"end":{"line":36,"column":73}},"36":{"start":{"line":37,"column":0},"end":{"line":37,"column":5}},"37":{"start":{"line":38,"column":0},"end":{"line":38,"column":3}}},"s":{"3":1,"4":1,"16":1,"17":1,"18":1,"24":1,"28":1,"32":1,"33":1,"34":1,"35":1,"36":1,"37":1},"branchMap":{"0":{"type":"branch","line":18,"loc":{"start":{"line":18,"column":2},"end":{"line":38,"column":3}},"locations":[{"start":{"line":18,"column":2},"end":{"line":38,"column":3}}]},"1":{"type":"branch","line":19,"loc":{"start":{"line":19,"column":2},"end":{"line":38,"column":3}},"locations":[{"start":{"line":19,"column":2},"end":{"line":38,"column":3}}]}},"b":{"0":[1],"1":[1]},"fnMap":{"0":{"name":"testParameterizedTypeclassLaws","decl":{"start":{"line":18,"column":2},"end":{"line":38,"column":3}},"loc":{"start":{"line":18,"column":2},"end":{"line":38,"column":3}},"line":18}},"f":{"0":1}}
,"/home/eilara/projects/haag59/effect-ts-laws/src/vitest/schema.ts": {"path":"/home/eilara/projects/haag59/effect-ts-laws/src/vitest/schema.ts","all":false,"statementMap":{"2":{"start":{"line":3,"column":0},"end":{"line":3,"column":37}},"3":{"start":{"line":4,"column":0},"end":{"line":4,"column":38}},"9":{"start":{"line":10,"column":0},"end":{"line":10,"column":29}},"10":{"start":{"line":11,"column":0},"end":{"line":11,"column":38}},"11":{"start":{"line":12,"column":0},"end":{"line":12,"column":42}},"12":{"start":{"line":13,"column":0},"end":{"line":13,"column":44}},"13":{"start":{"line":14,"column":0},"end":{"line":14,"column":3}}},"s":{"2":1,"3":1,"9":1,"10":1,"11":1,"12":1,"13":1},"branchMap":{"0":{"type":"branch","line":11,"loc":{"start":{"line":11,"column":2},"end":{"line":14,"column":3}},"locations":[{"start":{"line":11,"column":2},"end":{"line":14,"column":3}}]},"1":{"type":"branch","line":12,"loc":{"start":{"line":12,"column":2},"end":{"line":14,"column":3}},"locations":[{"start":{"line":12,"column":2},"end":{"line":14,"column":3}}]}},"b":{"0":[1],"1":[1]},"fnMap":{"0":{"name":"testSchemaLaws","decl":{"start":{"line":11,"column":2},"end":{"line":14,"column":3}},"loc":{"start":{"line":11,"column":2},"end":{"line":14,"column":3}},"line":11}},"f":{"0":1}}
,"/home/eilara/projects/haag59/effect-ts-laws/src/vitest/testLaw.ts": {"path":"/home/eilara/projects/haag59/effect-ts-laws/src/vitest/testLaw.ts","all":false,"statementMap":{"1":{"start":{"line":2,"column":0},"end":{"line":2,"column":27}},"3":{"start":{"line":4,"column":0},"end":{"line":4,"column":34}},"8":{"start":{"line":9,"column":0},"end":{"line":9,"column":26}},"9":{"start":{"line":10,"column":0},"end":{"line":10,"column":47}},"10":{"start":{"line":11,"column":0},"end":{"line":11,"column":51}},"11":{"start":{"line":12,"column":0},"end":{"line":12,"column":34}},"13":{"start":{"line":14,"column":0},"end":{"line":14,"column":18}},"14":{"start":{"line":15,"column":0},"end":{"line":15,"column":70}},"16":{"start":{"line":17,"column":0},"end":{"line":17,"column":38}},"17":{"start":{"line":18,"column":0},"end":{"line":18,"column":19}},"18":{"start":{"line":19,"column":0},"end":{"line":19,"column":6}},"19":{"start":{"line":20,"column":0},"end":{"line":20,"column":3}},"42":{"start":{"line":43,"column":0},"end":{"line":43,"column":31}},"43":{"start":{"line":44,"column":0},"end":{"line":44,"column":23}},"44":{"start":{"line":45,"column":0},"end":{"line":45,"column":53}},"45":{"start":{"line":46,"column":0},"end":{"line":46,"column":28}},"46":{"start":{"line":47,"column":0},"end":{"line":47,"column":6}},"47":{"start":{"line":48,"column":0},"end":{"line":48,"column":5}},"48":{"start":{"line":49,"column":0},"end":{"line":49,"column":35}},"49":{"start":{"line":50,"column":0},"end":{"line":50,"column":35}},"51":{"start":{"line":52,"column":0},"end":{"line":52,"column":74}},"52":{"start":{"line":53,"column":0},"end":{"line":53,"column":72}},"53":{"start":{"line":54,"column":0},"end":{"line":54,"column":6}},"54":{"start":{"line":55,"column":0},"end":{"line":55,"column":3}},"55":{"start":{"line":56,"column":0},"end":{"line":56,"column":4}}},"s":{"1":1,"3":1,"8":1,"9":1,"10":843,"11":762,"13":762,"14":762,"16":762,"17":756,"18":762,"19":762,"42":1,"43":41,"44":41,"45":4,"46":4,"47":41,"48":41,"49":41,"51":41,"52":41,"53":41,"54":41,"55":1},"branchMap":{"0":{"type":"branch","line":10,"loc":{"start":{"line":10,"column":2},"end":{"line":20,"column":3}},"locations":[{"start":{"line":10,"column":2},"end":{"line":20,"column":3}}]},"1":{"type":"branch","line":11,"loc":{"start":{"line":11,"column":2},"end":{"line":20,"column":3}},"locations":[{"start":{"line":11,"column":2},"end":{"line":20,"column":3}}]},"2":{"type":"branch","line":15,"loc":{"start":{"line":15,"column":7},"end":{"line":15,"column":30}},"locations":[{"start":{"line":15,"column":7},"end":{"line":15,"column":30}}]},"3":{"type":"branch","line":15,"loc":{"start":{"line":15,"column":19},"end":{"line":15,"column":40}},"locations":[{"start":{"line":15,"column":19},"end":{"line":15,"column":40}}]},"4":{"type":"branch","line":15,"loc":{"start":{"line":15,"column":30},"end":{"line":15,"column":54}},"locations":[{"start":{"line":15,"column":30},"end":{"line":15,"column":54}}]},"5":{"type":"branch","line":15,"loc":{"start":{"line":15,"column":49},"end":{"line":15,"column":68}},"locations":[{"start":{"line":15,"column":49},"end":{"line":15,"column":68}}]},"6":{"type":"branch","line":15,"loc":{"start":{"line":15,"column":63},"end":{"line":15,"column":70}},"locations":[{"start":{"line":15,"column":63},"end":{"line":15,"column":70}}]},"7":{"type":"branch","line":17,"loc":{"start":{"line":17,"column":31},"end":{"line":19,"column":5}},"locations":[{"start":{"line":17,"column":31},"end":{"line":19,"column":5}}]},"8":{"type":"branch","line":43,"loc":{"start":{"line":43,"column":24},"end":{"line":56,"column":3}},"locations":[{"start":{"line":43,"column":24},"end":{"line":56,"column":3}}]},"9":{"type":"branch","line":45,"loc":{"start":{"line":45,"column":4},"end":{"line":47,"column":6}},"locations":[{"start":{"line":45,"column":4},"end":{"line":47,"column":6}}]},"10":{"type":"branch","line":52,"loc":{"start":{"line":52,"column":14},"end":{"line":52,"column":74}},"locations":[{"start":{"line":52,"column":14},"end":{"line":52,"column":74}}]},"11":{"type":"branch","line":53,"loc":{"start":{"line":53,"column":13},"end":{"line":53,"column":72}},"locations":[{"start":{"line":53,"column":13},"end":{"line":53,"column":72}}]}},"b":{"0":[843],"1":[762],"2":[755],"3":[137],"4":[546],"5":[546],"6":[216],"7":[756],"8":[41],"9":[4],"10":[2],"11":[1]},"fnMap":{"0":{"name":"testLawWith","decl":{"start":{"line":10,"column":2},"end":{"line":20,"column":3}},"loc":{"start":{"line":10,"column":2},"end":{"line":20,"column":3}},"line":10},"1":{"name":"skipIf","decl":{"start":{"line":52,"column":14},"end":{"line":52,"column":74}},"loc":{"start":{"line":52,"column":14},"end":{"line":52,"column":74}},"line":52},"2":{"name":"runIf","decl":{"start":{"line":53,"column":13},"end":{"line":53,"column":72}},"loc":{"start":{"line":53,"column":13},"end":{"line":53,"column":72}},"line":53}},"f":{"0":843,"1":2,"2":1}}
,"/home/eilara/projects/haag59/effect-ts-laws/src/vitest/testLaws.ts": {"path":"/home/eilara/projects/haag59/effect-ts-laws/src/vitest/testLaws.ts","all":false,"statementMap":{"1":{"start":{"line":2,"column":0},"end":{"line":2,"column":37}},"3":{"start":{"line":4,"column":0},"end":{"line":4,"column":37}},"4":{"start":{"line":5,"column":0},"end":{"line":5,"column":40}},"6":{"start":{"line":7,"column":0},"end":{"line":7,"column":27}},"7":{"start":{"line":8,"column":0},"end":{"line":8,"column":3}},"8":{"start":{"line":9,"column":0},"end":{"line":9,"column":51}},"9":{"start":{"line":10,"column":0},"end":{"line":10,"column":45}},"11":{"start":{"line":12,"column":0},"end":{"line":12,"column":79}},"12":{"start":{"line":13,"column":0},"end":{"line":13,"column":54}},"14":{"start":{"line":15,"column":0},"end":{"line":15,"column":23}},"15":{"start":{"line":16,"column":0},"end":{"line":16,"column":61}},"17":{"start":{"line":18,"column":0},"end":{"line":18,"column":29}},"18":{"start":{"line":19,"column":0},"end":{"line":19,"column":30}},"19":{"start":{"line":20,"column":0},"end":{"line":20,"column":17}},"20":{"start":{"line":21,"column":0},"end":{"line":21,"column":57}},"21":{"start":{"line":22,"column":0},"end":{"line":22,"column":10}},"22":{"start":{"line":23,"column":0},"end":{"line":23,"column":5}},"24":{"start":{"line":25,"column":0},"end":{"line":25,"column":26}},"25":{"start":{"line":26,"column":0},"end":{"line":26,"column":28}},"26":{"start":{"line":27,"column":0},"end":{"line":27,"column":3}},"67":{"start":{"line":68,"column":0},"end":{"line":68,"column":32}},"68":{"start":{"line":69,"column":0},"end":{"line":69,"column":23}},"69":{"start":{"line":70,"column":0},"end":{"line":70,"column":64}},"70":{"start":{"line":71,"column":0},"end":{"line":71,"column":54}},"71":{"start":{"line":72,"column":0},"end":{"line":72,"column":6}},"72":{"start":{"line":73,"column":0},"end":{"line":73,"column":5}},"73":{"start":{"line":74,"column":0},"end":{"line":74,"column":51}},"74":{"start":{"line":75,"column":0},"end":{"line":75,"column":51}},"76":{"start":{"line":77,"column":0},"end":{"line":77,"column":37}},"77":{"start":{"line":78,"column":0},"end":{"line":78,"column":73}},"78":{"start":{"line":79,"column":0},"end":{"line":79,"column":36}},"79":{"start":{"line":80,"column":0},"end":{"line":80,"column":71}},"80":{"start":{"line":81,"column":0},"end":{"line":81,"column":6}},"81":{"start":{"line":82,"column":0},"end":{"line":82,"column":3}},"82":{"start":{"line":83,"column":0},"end":{"line":83,"column":4}},"90":{"start":{"line":91,"column":0},"end":{"line":91,"column":26}},"91":{"start":{"line":92,"column":0},"end":{"line":92,"column":38}},"92":{"start":{"line":93,"column":0},"end":{"line":93,"column":3}},"94":{"start":{"line":95,"column":0},"end":{"line":95,"column":21}},"95":{"start":{"line":96,"column":0},"end":{"line":96,"column":14}},"96":{"start":{"line":97,"column":0},"end":{"line":97,"column":46}},"97":{"start":{"line":98,"column":0},"end":{"line":98,"column":3}},"106":{"start":{"line":107,"column":0},"end":{"line":107,"column":28}},"107":{"start":{"line":108,"column":0},"end":{"line":108,"column":17}},"108":{"start":{"line":109,"column":0},"end":{"line":109,"column":34}},"109":{"start":{"line":110,"column":0},"end":{"line":110,"column":12}},"110":{"start":{"line":111,"column":0},"end":{"line":111,"column":50}},"111":{"start":{"line":112,"column":0},"end":{"line":112,"column":1}},"120":{"start":{"line":121,"column":0},"end":{"line":121,"column":31}},"121":{"start":{"line":122,"column":0},"end":{"line":122,"column":17}},"122":{"start":{"line":123,"column":0},"end":{"line":123,"column":34}},"123":{"start":{"line":124,"column":0},"end":{"line":124,"column":12}},"124":{"start":{"line":125,"column":0},"end":{"line":125,"column":54}},"125":{"start":{"line":126,"column":0},"end":{"line":126,"column":1}},"127":{"start":{"line":128,"column":0},"end":{"line":128,"column":22}},"128":{"start":{"line":129,"column":0},"end":{"line":129,"column":38}},"129":{"start":{"line":130,"column":0},"end":{"line":130,"column":29}},"130":{"start":{"line":131,"column":0},"end":{"line":131,"column":36}},"131":{"start":{"line":132,"column":0},"end":{"line":132,"column":3}},"133":{"start":{"line":134,"column":0},"end":{"line":134,"column":46}}},"s":{"1":1,"3":1,"4":1,"6":1,"7":1,"8":435,"9":435,"11":435,"12":354,"14":353,"15":353,"17":353,"18":353,"19":754,"20":754,"21":754,"22":353,"24":354,"25":303,"26":354,"67":1,"68":41,"69":41,"70":350,"71":350,"72":41,"73":41,"74":41,"76":41,"77":2,"78":41,"79":1,"80":41,"81":41,"82":1,"90":1,"91":1,"92":48,"94":48,"95":48,"96":48,"97":48,"106":1,"107":1,"108":1,"109":1,"110":1,"111":1,"120":1,"121":15,"122":15,"123":15,"124":15,"125":15,"127":1,"128":1,"129":15,"130":15,"131":15,"133":1},"branchMap":{"0":{"type":"branch","line":8,"loc":{"start":{"line":8,"column":2},"end":{"line":27,"column":3}},"locations":[{"start":{"line":8,"column":2},"end":{"line":27,"column":3}}]},"1":{"type":"branch","line":12,"loc":{"start":{"line":12,"column":2},"end":{"line":27,"column":3}},"locations":[{"start":{"line":12,"column":2},"end":{"line":27,"column":3}}]},"2":{"type":"branch","line":13,"loc":{"start":{"line":13,"column":24},"end":{"line":13,"column":48}},"locations":[{"start":{"line":13,"column":24},"end":{"line":13,"column":48}}]},"3":{"type":"branch","line":13,"loc":{"start":{"line":13,"column":48},"end":{"line":13,"column":54}},"locations":[{"start":{"line":13,"column":48},"end":{"line":13,"column":54}}]},"4":{"type":"branch","line":13,"loc":{"start":{"line":13,"column":48},"end":{"line":25,"column":25}},"locations":[{"start":{"line":13,"column":48},"end":{"line":25,"column":25}}]},"5":{"type":"branch","line":25,"loc":{"start":{"line":25,"column":21},"end":{"line":25,"column":26}},"locations":[{"start":{"line":25,"column":21},"end":{"line":25,"column":26}}]},"6":{"type":"branch","line":25,"loc":{"start":{"line":25,"column":25},"end":{"line":26,"column":28}},"locations":[{"start":{"line":25,"column":25},"end":{"line":26,"column":28}}]},"7":{"type":"branch","line":15,"loc":{"start":{"line":15,"column":16},"end":{"line":23,"column":5}},"locations":[{"start":{"line":15,"column":16},"end":{"line":23,"column":5}}]},"8":{"type":"branch","line":16,"loc":{"start":{"line":16,"column":33},"end":{"line":16,"column":61}},"locations":[{"start":{"line":16,"column":33},"end":{"line":16,"column":61}}]},"9":{"type":"branch","line":19,"loc":{"start":{"line":19,"column":8},"end":{"line":22,"column":10}},"locations":[{"start":{"line":19,"column":8},"end":{"line":22,"column":10}}]},"10":{"type":"branch","line":68,"loc":{"start":{"line":68,"column":25},"end":{"line":83,"column":3}},"locations":[{"start":{"line":68,"column":25},"end":{"line":83,"column":3}}]},"11":{"type":"branch","line":70,"loc":{"start":{"line":70,"column":4},"end":{"line":72,"column":6}},"locations":[{"start":{"line":70,"column":4},"end":{"line":72,"column":6}}]},"12":{"type":"branch","line":77,"loc":{"start":{"line":77,"column":14},"end":{"line":78,"column":73}},"locations":[{"start":{"line":77,"column":14},"end":{"line":78,"column":73}}]},"13":{"type":"branch","line":79,"loc":{"start":{"line":79,"column":13},"end":{"line":80,"column":71}},"locations":[{"start":{"line":79,"column":13},"end":{"line":80,"column":71}}]},"14":{"type":"branch","line":92,"loc":{"start":{"line":92,"column":2},"end":{"line":98,"column":3}},"locations":[{"start":{"line":92,"column":2},"end":{"line":98,"column":3}}]},"15":{"type":"branch","line":93,"loc":{"start":{"line":93,"column":2},"end":{"line":98,"column":3}},"locations":[{"start":{"line":93,"column":2},"end":{"line":98,"column":3}}]},"16":{"type":"branch","line":107,"loc":{"start":{"line":107,"column":27},"end":{"line":112,"column":1}},"locations":[{"start":{"line":107,"column":27},"end":{"line":112,"column":1}}]},"17":{"type":"branch","line":121,"loc":{"start":{"line":121,"column":30},"end":{"line":126,"column":1}},"locations":[{"start":{"line":121,"column":30},"end":{"line":126,"column":1}}]},"18":{"type":"branch","line":129,"loc":{"start":{"line":129,"column":2},"end":{"line":132,"column":3}},"locations":[{"start":{"line":129,"column":2},"end":{"line":132,"column":3}}]},"19":{"type":"branch","line":130,"loc":{"start":{"line":130,"column":2},"end":{"line":132,"column":3}},"locations":[{"start":{"line":130,"column":2},"end":{"line":132,"column":3}}]}},"b":{"0":[435],"1":[354],"2":[54],"3":[1],"4":[353],"5":[50],"6":[303],"7":[353],"8":[277],"9":[754],"10":[41],"11":[350],"12":[2],"13":[1],"14":[48],"15":[48],"16":[1],"17":[15],"18":[15],"19":[15]},"fnMap":{"0":{"name":"testLawsWith","decl":{"start":{"line":8,"column":2},"end":{"line":27,"column":3}},"loc":{"start":{"line":8,"column":2},"end":{"line":27,"column":3}},"line":8},"1":{"name":"run","decl":{"start":{"line":15,"column":16},"end":{"line":23,"column":5}},"loc":{"start":{"line":15,"column":16},"end":{"line":23,"column":5}},"line":15},"2":{"name":"skipIf","decl":{"start":{"line":77,"column":14},"end":{"line":78,"column":73}},"loc":{"start":{"line":77,"column":14},"end":{"line":78,"column":73}},"line":77},"3":{"name":"runIf","decl":{"start":{"line":79,"column":13},"end":{"line":80,"column":71}},"loc":{"start":{"line":79,"column":13},"end":{"line":80,"column":71}},"line":79},"4":{"name":"testLawSets","decl":{"start":{"line":92,"column":2},"end":{"line":98,"column":3}},"loc":{"start":{"line":92,"column":2},"end":{"line":98,"column":3}},"line":92},"5":{"name":"verboseLaws","decl":{"start":{"line":107,"column":27},"end":{"line":112,"column":1}},"loc":{"start":{"line":107,"column":27},"end":{"line":112,"column":1}},"line":107},"6":{"name":"verboseLawSets","decl":{"start":{"line":121,"column":30},"end":{"line":126,"column":1}},"loc":{"start":{"line":121,"column":30},"end":{"line":126,"column":1}},"line":121},"7":{"name":"withParameters","decl":{"start":{"line":129,"column":2},"end":{"line":132,"column":3}},"loc":{"start":{"line":129,"column":2},"end":{"line":132,"column":3}},"line":129}},"f":{"0":435,"1":353,"2":2,"3":1,"4":48,"5":1,"6":15,"7":15}}
}
